[15:24:15.328][info] [#0:/home/mak/.local/share/nvim/mason/packages/lua-language-server/libexec/main.lua:68]: Lua Lsp startup, root: 	/home/mak/.local/share/nvim/mason/packages/lua-language-server/libexec
[15:24:15.329][info] [#0:/home/mak/.local/share/nvim/mason/packages/lua-language-server/libexec/main.lua:69]: ROOT:	/home/mak/.local/share/nvim/mason/packages/lua-language-server/libexec
[15:24:15.329][info] [#0:/home/mak/.local/share/nvim/mason/packages/lua-language-server/libexec/main.lua:70]: LOGPATH:	/home/mak/.local/share/nvim/mason/packages/lua-language-server/libexec/log
[15:24:15.329][info] [#0:/home/mak/.local/share/nvim/mason/packages/lua-language-server/libexec/main.lua:71]: METAPATH:	/home/mak/.local/share/nvim/mason/packages/lua-language-server/libexec/meta
[15:24:15.329][info] [#0:/home/mak/.local/share/nvim/mason/packages/lua-language-server/libexec/main.lua:72]: VERSION:	3.13.9
[15:24:15.357][info] [#0:script/proto/proto.lua:260]: Listen Mode: stdio
[15:24:15.358][info] [#0:script/service/service.lua:145]: 
========= Medical Examination Report =========
    --------------- Memory ---------------
        Total: 2.257 MB
        # 00 : 2.257 MB
        # 01 : 0.000 MB
        # 02 : 0.000 MB
        # 03 : 0.000 MB
        # 04 : 0.000 MB
    --------------- Coroutine ---------------
        Total:     0
        Running:   0
        Suspended: 0
        Normal:    0
        Dead:      0
    --------------- Cache ---------------
        Total: 1
        Dead:  0
    ---------------  RPC  ---------------
        Holdon:   0
        Waiting:  0
==============================================
[15:24:15.464][info] [#0:script/client.lua:657]: Client init	{
  capabilities = {
    general = {
      positionEncodings = { "utf-16" }
    },
    textDocument = {
      callHierarchy = {
        dynamicRegistration = false
      },
      codeAction = {
        codeActionLiteralSupport = {
          codeActionKind = {
            valueSet = { "", "quickfix", "refactor", "refactor.extract", "refactor.inline", "refactor.rewrite", "source", "source.organizeImports" }
          }
        },
        dataSupport = true,
        dynamicRegistration = true,
        isPreferredSupport = true,
        resolveSupport = {
          properties = { "edit" }
        }
      },
      completion = {
        completionItem = {
          commitCharactersSupport = true,
          deprecatedSupport = true,
          documentationFormat = { "markdown", "plaintext" },
          insertReplaceSupport = true,
          labelDetailsSupport = true,
          preselectSupport = true,
          resolveSupport = {
            properties = { "documentation", "detail", "additionalTextEdits" }
          },
          snippetSupport = true,
          tagSupport = {
            valueSet = { 1 }
          }
        },
        completionItemKind = {
          valueSet = { 1, 2, 3, 4, 5, 6, 7, 8, 9, 10, 11, 12, 13, 14, 15, 16, 17, 18, 19, 20, 21, 22, 23, 24, 25 }
        },
        completionList = {
          itemDefaults = { "editRange", "insertTextFormat", "insertTextMode", "data" }
        },
        contextSupport = false,
        dynamicRegistration = false
      },
      declaration = {
        linkSupport = true
      },
      definition = {
        dynamicRegistration = true,
        linkSupport = true
      },
      diagnostic = {
        dynamicRegistration = false
      },
      documentHighlight = {
        dynamicRegistration = false
      },
      documentSymbol = {
        dynamicRegistration = false,
        hierarchicalDocumentSymbolSupport = true,
        symbolKind = {
          valueSet = { 1, 2, 3, 4, 5, 6, 7, 8, 9, 10, 11, 12, 13, 14, 15, 16, 17, 18, 19, 20, 21, 22, 23, 24, 25, 26 }
        }
      },
      formatting = {
        dynamicRegistration = true
      },
      hover = {
        contentFormat = { "markdown", "plaintext" },
        dynamicRegistration = true
      },
      implementation = {
        linkSupport = true
      },
      inlayHint = {
        dynamicRegistration = true,
        resolveSupport = {
          properties = { "textEdits", "tooltip", "location", "command" }
        }
      },
      publishDiagnostics = {
        dataSupport = true,
        relatedInformation = true,
        tagSupport = {
          valueSet = { 1, 2 }
        }
      },
      rangeFormatting = {
        dynamicRegistration = true
      },
      references = {
        dynamicRegistration = false
      },
      rename = {
        dynamicRegistration = true,
        prepareSupport = true
      },
      semanticTokens = {
        augmentsSyntaxTokens = true,
        dynamicRegistration = false,
        formats = { "relative" },
        multilineTokenSupport = false,
        overlappingTokenSupport = true,
        requests = {
          full = {
            delta = true
          },
          range = false
        },
        serverCancelSupport = false,
        tokenModifiers = { "declaration", "definition", "readonly", "static", "deprecated", "abstract", "async", "modification", "documentation", "defaultLibrary" },
        tokenTypes = { "namespace", "type", "class", "enum", "interface", "struct", "typeParameter", "parameter", "variable", "property", "enumMember", "event", "function", "method", "macro", "keyword", "modifier", "comment", "string", "number", "regexp", "operator", "decorator" }
      },
      signatureHelp = {
        dynamicRegistration = false,
        signatureInformation = {
          activeParameterSupport = true,
          documentationFormat = { "markdown", "plaintext" },
          parameterInformation = {
            labelOffsetSupport = true
          }
        }
      },
      synchronization = {
        didSave = true,
        dynamicRegistration = false,
        willSave = true,
        willSaveWaitUntil = true
      },
      typeDefinition = {
        linkSupport = true
      }
    },
    window = {
      showDocument = {
        support = true
      },
      showMessage = {
        messageActionItem = {
          additionalPropertiesSupport = false
        }
      },
      workDoneProgress = true
    },
    workspace = {
      applyEdit = true,
      configuration = true,
      didChangeConfiguration = {
        dynamicRegistration = false
      },
      didChangeWatchedFiles = {
        dynamicRegistration = false,
        relativePatternSupport = true
      },
      inlayHint = {
        refreshSupport = true
      },
      semanticTokens = {
        refreshSupport = true
      },
      symbol = {
        dynamicRegistration = false,
        symbolKind = {
          valueSet = { 1, 2, 3, 4, 5, 6, 7, 8, 9, 10, 11, 12, 13, 14, 15, 16, 17, 18, 19, 20, 21, 22, 23, 24, 25, 26 }
        }
      },
      workspaceEdit = {
        resourceOperations = { "rename", "create", "delete" }
      },
      workspaceFolders = true
    }
  },
  clientInfo = {
    name = "Neovim",
    version = "0.10.4+v0.10.4"
  },
  initializationOptions = {},
  processId = 4132,
  rootPath = "/home/mak/.config/nvim",
  rootUri = "file:///home/mak/.config/nvim",
  trace = "off",
  workDoneToken = "1",
  workspaceFolders = { {
      name = "/home/mak/.config/nvim",
      uri = "file:///home/mak/.config/nvim"
    } }
}
[15:24:15.465][info] [#0:script/language.lua:137]: VSC language: nil
[15:24:15.465][info] [#0:script/language.lua:138]: LS  language: en-us
[15:24:15.465][info] [#0:script/workspace/workspace.lua:38]: Workspace init root: 	file:///home/mak/.config/nvim
[15:24:15.465][info] [#0:script/workspace/workspace.lua:42]: Log path: 	/home/mak/.local/share/nvim/mason/packages/lua-language-server/libexec/log/file_home_mak_.config_nvim.log
[15:24:15.466][info] [#0:script/workspace/workspace.lua:48]: Workspace create: 	file:///home/mak/.config/nvim
[15:24:15.804][info] [#0:script/provider/provider.lua:49]: Load config from client	file:///home/mak/.config/nvim
[15:24:15.805][info] [#0:script/provider/provider.lua:50]: {
  Lua = {
    diagnostics = {
      globals = { "vim" }
    },
    workspace = {
      library = {
        ["/home/mak/.local/share/nvim/lazy/lazy.nvim/lua/lazy"] = true,
        ["/home/mak/.local/share/nvim/lazy/ui/nvchad_types"] = true,
        ["/usr/share/nvim/runtime/lua"] = true,
        ["/usr/share/nvim/runtime/lua/vim/lsp"] = true
      },
      maxPreload = 100000,
      preloadFileSize = 10000
    }
  }
}
[15:24:15.805][info] [#0:script/provider/provider.lua:49]: Load config from client	file:///home/mak/.config/nvim
[15:24:15.806][info] [#0:script/provider/provider.lua:50]: {
  Lua = {
    diagnostics = {
      globals = { "vim" }
    },
    workspace = {
      library = {
        ["/home/mak/.local/share/nvim/lazy/lazy.nvim/lua/lazy"] = true,
        ["/home/mak/.local/share/nvim/lazy/ui/nvchad_types"] = true,
        ["/usr/share/nvim/runtime/lua"] = true,
        ["/usr/share/nvim/runtime/lua/vim/lsp"] = true
      },
      maxPreload = 100000,
      preloadFileSize = 10000
    }
  }
}
[15:24:15.906][info] [#0:script/provider/provider.lua:65]: Load config from client	fallback
[15:24:15.907][info] [#0:script/provider/provider.lua:66]: {
  Lua = {
    diagnostics = {
      globals = { "vim" }
    },
    workspace = {
      library = {
        ["/home/mak/.local/share/nvim/lazy/lazy.nvim/lua/lazy"] = true,
        ["/home/mak/.local/share/nvim/lazy/ui/nvchad_types"] = true,
        ["/usr/share/nvim/runtime/lua"] = true,
        ["/usr/share/nvim/runtime/lua/vim/lsp"] = true
      },
      maxPreload = 100000,
      preloadFileSize = 10000
    }
  }
}
[15:24:15.907][info] [#0:script/provider/provider.lua:65]: Load config from client	fallback
[15:24:15.907][info] [#0:script/provider/provider.lua:66]: {
  Lua = {
    diagnostics = {
      globals = { "vim" }
    },
    workspace = {
      library = {
        ["/home/mak/.local/share/nvim/lazy/lazy.nvim/lua/lazy"] = true,
        ["/home/mak/.local/share/nvim/lazy/ui/nvchad_types"] = true,
        ["/usr/share/nvim/runtime/lua"] = true,
        ["/usr/share/nvim/runtime/lua/vim/lsp"] = true
      },
      maxPreload = 100000,
      preloadFileSize = 10000
    }
  }
}
[15:24:16.019][info] [#0:script/library.lua:212]: Init builtin library at:	file:///home/mak/.config/nvim
[15:24:16.029][info] [#0:script/library.lua:212]: Init builtin library at:	nil
[15:24:16.136][info] [#0:script/workspace/workspace.lua:324]: Preload start:	file:///home/mak/.config/nvim
[15:24:16.150][info] [#0:script/workspace/workspace.lua:330]: Scan files at:	file:///home/mak/.config/nvim
[15:24:16.152][info] [#0:script/workspace/workspace.lua:324]: Preload start:	<fallback>
[15:24:16.158][info] [#0:script/workspace/workspace.lua:353]: Scan library at:	file:///home/mak/.local/share/nvim/mason/packages/lua-language-server/libexec/meta/Lua%205.4%20en-us%20utf8/io.lua
[15:24:16.158][info] [#0:script/workspace/workspace.lua:353]: Scan library at:	file:///home/mak/.local/share/nvim/mason/packages/lua-language-server/libexec/meta/Lua%205.4%20en-us%20utf8/builtin.lua
[15:24:16.159][info] [#0:script/workspace/workspace.lua:353]: Scan library at:	file:///home/mak/.local/share/nvim/mason/packages/lua-language-server/libexec/meta/Lua%205.4%20en-us%20utf8/package.lua
[15:24:16.159][info] [#0:script/workspace/workspace.lua:353]: Scan library at:	file:///home/mak/.local/share/nvim/mason/packages/lua-language-server/libexec/meta/Lua%205.4%20en-us%20utf8/utf8.lua
[15:24:16.159][info] [#0:script/workspace/workspace.lua:353]: Scan library at:	file:///home/mak/.local/share/nvim/mason/packages/lua-language-server/libexec/meta/Lua%205.4%20en-us%20utf8/coroutine.lua
[15:24:16.160][info] [#0:script/workspace/workspace.lua:353]: Scan library at:	file:///home/mak/.local/share/nvim/mason/packages/lua-language-server/libexec/meta/Lua%205.4%20en-us%20utf8/os.lua
[15:24:16.160][info] [#0:script/workspace/workspace.lua:353]: Scan library at:	file:///home/mak/.local/share/nvim/mason/packages/lua-language-server/libexec/meta/Lua%205.4%20en-us%20utf8/math.lua
[15:24:16.160][info] [#0:script/workspace/workspace.lua:353]: Scan library at:	file:///home/mak/.local/share/nvim/mason/packages/lua-language-server/libexec/meta/Lua%205.4%20en-us%20utf8/debug.lua
[15:24:16.161][info] [#0:script/workspace/workspace.lua:353]: Scan library at:	file:///home/mak/.local/share/nvim/mason/packages/lua-language-server/libexec/meta/Lua%205.4%20en-us%20utf8/basic.lua
[15:24:16.161][info] [#0:script/workspace/workspace.lua:353]: Scan library at:	file:///home/mak/.local/share/nvim/lazy/lazy.nvim/lua/lazy
[15:24:16.167][info] [#0:script/workspace/workspace.lua:353]: Scan library at:	file:///home/mak/.local/share/nvim/mason/packages/lua-language-server/libexec/meta/Lua%205.4%20en-us%20utf8/io.lua
[15:24:16.167][info] [#0:script/workspace/workspace.lua:353]: Scan library at:	file:///home/mak/.local/share/nvim/mason/packages/lua-language-server/libexec/meta/Lua%205.4%20en-us%20utf8/builtin.lua
[15:24:16.168][info] [#0:script/workspace/workspace.lua:353]: Scan library at:	file:///home/mak/.local/share/nvim/mason/packages/lua-language-server/libexec/meta/Lua%205.4%20en-us%20utf8/package.lua
[15:24:16.168][info] [#0:script/workspace/workspace.lua:353]: Scan library at:	file:///home/mak/.local/share/nvim/mason/packages/lua-language-server/libexec/meta/Lua%205.4%20en-us%20utf8/utf8.lua
[15:24:16.168][info] [#0:script/workspace/workspace.lua:353]: Scan library at:	file:///home/mak/.local/share/nvim/mason/packages/lua-language-server/libexec/meta/Lua%205.4%20en-us%20utf8/coroutine.lua
[15:24:16.169][info] [#0:script/workspace/workspace.lua:353]: Scan library at:	file:///home/mak/.local/share/nvim/mason/packages/lua-language-server/libexec/meta/Lua%205.4%20en-us%20utf8/os.lua
[15:24:16.169][info] [#0:script/workspace/workspace.lua:353]: Scan library at:	file:///home/mak/.local/share/nvim/mason/packages/lua-language-server/libexec/meta/Lua%205.4%20en-us%20utf8/math.lua
[15:24:16.169][info] [#0:script/workspace/workspace.lua:353]: Scan library at:	file:///home/mak/.local/share/nvim/mason/packages/lua-language-server/libexec/meta/Lua%205.4%20en-us%20utf8/debug.lua
[15:24:16.169][info] [#0:script/workspace/workspace.lua:353]: Scan library at:	file:///home/mak/.local/share/nvim/mason/packages/lua-language-server/libexec/meta/Lua%205.4%20en-us%20utf8/basic.lua
[15:24:16.170][info] [#0:script/workspace/workspace.lua:353]: Scan library at:	file:///home/mak/.local/share/nvim/lazy/lazy.nvim/lua/lazy
[15:24:16.175][info] [#0:script/workspace/workspace.lua:353]: Scan library at:	file:///usr/share/nvim/runtime/lua/vim/lsp
[15:24:16.179][info] [#0:script/workspace/workspace.lua:353]: Scan library at:	file:///home/mak/.local/share/nvim/mason/packages/lua-language-server/libexec/meta/Lua%205.4%20en-us%20utf8/string.lua
[15:24:16.180][info] [#0:script/workspace/workspace.lua:353]: Scan library at:	file:///home/mak/.local/share/nvim/lazy/ui/nvchad_types
[15:24:16.181][info] [#0:script/workspace/workspace.lua:353]: Scan library at:	file:///usr/share/nvim/runtime/lua/vim/lsp
[15:24:16.181][info] [#0:script/workspace/workspace.lua:353]: Scan library at:	file:///usr/share/nvim/runtime/lua
[15:24:16.234][info] [#0:script/workspace/workspace.lua:353]: Scan library at:	file:///home/mak/.local/share/nvim/mason/packages/lua-language-server/libexec/meta/Lua%205.4%20en-us%20utf8/string.lua
[15:24:16.235][info] [#0:script/workspace/workspace.lua:353]: Scan library at:	file:///home/mak/.local/share/nvim/lazy/ui/nvchad_types
[15:24:16.236][info] [#0:script/workspace/workspace.lua:353]: Scan library at:	file:///usr/share/nvim/runtime/lua
[15:24:16.250][info] [#0:script/workspace/workspace.lua:353]: Scan library at:	file:///home/mak/.local/share/nvim/mason/packages/lua-language-server/libexec/meta/Lua%205.4%20en-us%20utf8/table.lua
[15:24:16.252][info] [#0:script/workspace/workspace.lua:353]: Scan library at:	file:///home/mak/.local/share/nvim/mason/packages/lua-language-server/libexec/meta/Lua%205.4%20en-us%20utf8/table.lua
[15:24:16.353][info] [#0:script/workspace/workspace.lua:379]: Found 192 files at:	<fallback>
[15:24:16.353][info] [#0:script/workspace/loading.lua:160]: Load files from disk:	<fallback>
[15:24:16.353][info] [#0:script/workspace/workspace.lua:379]: Found 207 files at:	file:///home/mak/.config/nvim
[15:24:16.353][info] [#0:script/workspace/loading.lua:160]: Load files from disk:	file:///home/mak/.config/nvim
[15:24:16.355][info] [#0:script/workspace/loading.lua:100]: Preload file at: file:///home/mak/.local/share/nvim/mason/packages/lua-language-server/libexec/meta/Lua%205.4%20en-us%20utf8/table.lua , size = 4.445 KB
[15:24:16.365][info] [#0:script/workspace/loading.lua:112]: ++++As library of:	file:///home/mak/.local/share/nvim/mason/packages/lua-language-server/libexec/meta/Lua%205.4%20en-us%20utf8/table.lua
[15:24:16.365][info] [#0:script/workspace/loading.lua:97]: Skip loaded file: file:///home/mak/.local/share/nvim/mason/packages/lua-language-server/libexec/meta/Lua%205.4%20en-us%20utf8/table.lua
[15:24:16.390][info] [#0:script/workspace/loading.lua:88]: Skip loaded file: file:///home/mak/.config/nvim/lua/core/init.lua
[15:24:16.491][info] [#0:script/workspace/loading.lua:100]: Preload file at: file:///usr/share/nvim/runtime/lua/_vim9script.lua , size = 15.418 KB
[15:24:16.513][info] [#0:script/workspace/loading.lua:112]: ++++As library of:	file:///usr/share/nvim/runtime/lua
[15:24:16.513][info] [#0:script/workspace/loading.lua:97]: Skip loaded file: file:///usr/share/nvim/runtime/lua/_vim9script.lua
[15:24:16.513][info] [#0:script/workspace/loading.lua:100]: Preload file at: file:///usr/share/nvim/runtime/lua/coxpcall.lua , size = 3.451 KB
[15:24:16.517][info] [#0:script/workspace/loading.lua:112]: ++++As library of:	file:///usr/share/nvim/runtime/lua
[15:24:16.517][info] [#0:script/workspace/loading.lua:97]: Skip loaded file: file:///usr/share/nvim/runtime/lua/coxpcall.lua
[15:24:16.517][info] [#0:script/workspace/loading.lua:100]: Preload file at: file:///usr/share/nvim/runtime/lua/editorconfig.lua , size = 10.443 KB
[15:24:16.527][info] [#0:script/workspace/loading.lua:112]: ++++As library of:	file:///usr/share/nvim/runtime/lua
[15:24:16.527][info] [#0:script/workspace/loading.lua:97]: Skip loaded file: file:///usr/share/nvim/runtime/lua/editorconfig.lua
[15:24:16.527][info] [#0:script/workspace/loading.lua:100]: Preload file at: file:///usr/share/nvim/runtime/lua/man.lua , size = 23.687 KB
[15:24:16.541][info] [#0:script/workspace/loading.lua:112]: ++++As library of:	file:///usr/share/nvim/runtime/lua
[15:24:16.541][info] [#0:script/workspace/loading.lua:97]: Skip loaded file: file:///usr/share/nvim/runtime/lua/man.lua
[15:24:16.541][info] [#0:script/workspace/loading.lua:100]: Preload file at: file:///usr/share/nvim/runtime/lua/nvim/health.lua , size = 12.509 KB
[15:24:16.549][info] [#0:script/workspace/loading.lua:112]: ++++As library of:	file:///usr/share/nvim/runtime/lua
[15:24:16.549][info] [#0:script/workspace/loading.lua:97]: Skip loaded file: file:///usr/share/nvim/runtime/lua/nvim/health.lua
[15:24:16.549][info] [#0:script/workspace/loading.lua:100]: Preload file at: file:///usr/share/nvim/runtime/lua/provider/clipboard/health.lua , size = 1.151 KB
[15:24:16.550][info] [#0:script/workspace/loading.lua:112]: ++++As library of:	file:///usr/share/nvim/runtime/lua
[15:24:16.550][info] [#0:script/workspace/loading.lua:97]: Skip loaded file: file:///usr/share/nvim/runtime/lua/provider/clipboard/health.lua
[15:24:16.550][info] [#0:script/workspace/loading.lua:100]: Preload file at: file:///usr/share/nvim/runtime/lua/provider/node/health.lua , size = 3.375 KB
[15:24:16.552][info] [#0:script/workspace/loading.lua:112]: ++++As library of:	file:///usr/share/nvim/runtime/lua
[15:24:16.552][info] [#0:script/workspace/loading.lua:97]: Skip loaded file: file:///usr/share/nvim/runtime/lua/provider/node/health.lua
[15:24:16.552][info] [#0:script/workspace/loading.lua:100]: Preload file at: file:///usr/share/nvim/runtime/lua/provider/perl/health.lua , size = 2.752 KB
[15:24:16.553][info] [#0:script/workspace/loading.lua:112]: ++++As library of:	file:///usr/share/nvim/runtime/lua
[15:24:16.559][info] [#0:script/workspace/loading.lua:97]: Skip loaded file: file:///usr/share/nvim/runtime/lua/provider/perl/health.lua
[15:24:16.559][info] [#0:script/workspace/loading.lua:100]: Preload file at: file:///usr/share/nvim/runtime/lua/provider/python/health.lua , size = 16.369 KB
[15:24:16.569][info] [#0:script/workspace/loading.lua:112]: ++++As library of:	file:///usr/share/nvim/runtime/lua
[15:24:16.569][info] [#0:script/workspace/loading.lua:97]: Skip loaded file: file:///usr/share/nvim/runtime/lua/provider/python/health.lua
[15:24:16.569][info] [#0:script/workspace/loading.lua:100]: Preload file at: file:///usr/share/nvim/runtime/lua/provider/ruby/health.lua , size = 2.211 KB
[15:24:16.571][info] [#0:script/workspace/loading.lua:112]: ++++As library of:	file:///usr/share/nvim/runtime/lua
[15:24:16.571][info] [#0:script/workspace/loading.lua:97]: Skip loaded file: file:///usr/share/nvim/runtime/lua/provider/ruby/health.lua
[15:24:16.571][info] [#0:script/workspace/loading.lua:100]: Preload file at: file:///usr/share/nvim/runtime/lua/tohtml.lua , size = 42.432 KB
[15:24:16.597][info] [#0:script/workspace/loading.lua:112]: ++++As library of:	file:///usr/share/nvim/runtime/lua
[15:24:16.598][info] [#0:script/workspace/loading.lua:97]: Skip loaded file: file:///usr/share/nvim/runtime/lua/tohtml.lua
[15:24:16.598][info] [#0:script/workspace/loading.lua:100]: Preload file at: file:///usr/share/nvim/runtime/lua/vim/F.lua , size = 1.076 KB
[15:24:16.598][info] [#0:script/workspace/loading.lua:112]: ++++As library of:	file:///usr/share/nvim/runtime/lua
[15:24:16.598][info] [#0:script/workspace/loading.lua:97]: Skip loaded file: file:///usr/share/nvim/runtime/lua/vim/F.lua
[15:24:16.598][info] [#0:script/workspace/loading.lua:100]: Preload file at: file:///usr/share/nvim/runtime/lua/vim/_comment.lua , size = 8.743 KB
[15:24:16.608][info] [#0:script/workspace/loading.lua:112]: ++++As library of:	file:///usr/share/nvim/runtime/lua
[15:24:16.608][info] [#0:script/workspace/loading.lua:97]: Skip loaded file: file:///usr/share/nvim/runtime/lua/vim/_comment.lua
[15:24:16.608][info] [#0:script/workspace/loading.lua:100]: Preload file at: file:///usr/share/nvim/runtime/lua/vim/_defaults.lua , size = 18.717 KB
[15:24:16.616][info] [#0:script/workspace/loading.lua:112]: ++++As library of:	file:///usr/share/nvim/runtime/lua
[15:24:16.616][info] [#0:script/workspace/loading.lua:97]: Skip loaded file: file:///usr/share/nvim/runtime/lua/vim/_defaults.lua
[15:24:16.616][info] [#0:script/workspace/loading.lua:100]: Preload file at: file:///usr/share/nvim/runtime/lua/vim/_editor.lua , size = 34.475 KB
[15:24:16.631][info] [#0:script/workspace/loading.lua:112]: ++++As library of:	file:///usr/share/nvim/runtime/lua
[15:24:16.631][info] [#0:script/workspace/loading.lua:97]: Skip loaded file: file:///usr/share/nvim/runtime/lua/vim/_editor.lua
[15:24:16.631][info] [#0:script/workspace/loading.lua:100]: Preload file at: file:///usr/share/nvim/runtime/lua/vim/_init_packages.lua , size = 3.023 KB
[15:24:16.633][info] [#0:script/workspace/loading.lua:112]: ++++As library of:	file:///usr/share/nvim/runtime/lua
[15:24:16.633][info] [#0:script/workspace/loading.lua:97]: Skip loaded file: file:///usr/share/nvim/runtime/lua/vim/_init_packages.lua
[15:24:16.633][info] [#0:script/workspace/loading.lua:100]: Preload file at: file:///usr/share/nvim/runtime/lua/vim/_inspector.lua , size = 7.668 KB
[15:24:16.637][info] [#0:script/workspace/loading.lua:112]: ++++As library of:	file:///usr/share/nvim/runtime/lua
[15:24:16.638][info] [#0:script/workspace/loading.lua:97]: Skip loaded file: file:///usr/share/nvim/runtime/lua/vim/_inspector.lua
[15:24:16.638][info] [#0:script/workspace/loading.lua:100]: Preload file at: file:///usr/share/nvim/runtime/lua/vim/_meta/api.lua , size = 97.323 KB
[15:24:16.674][info] [#0:script/workspace/loading.lua:112]: ++++As library of:	file:///usr/share/nvim/runtime/lua
[15:24:16.674][info] [#0:script/workspace/loading.lua:97]: Skip loaded file: file:///usr/share/nvim/runtime/lua/vim/_meta/api.lua
[15:24:16.674][info] [#0:script/workspace/loading.lua:100]: Preload file at: file:///usr/share/nvim/runtime/lua/vim/_meta/api_keysets.lua , size = 8.292 KB
[15:24:16.679][info] [#0:script/workspace/loading.lua:112]: ++++As library of:	file:///usr/share/nvim/runtime/lua
[15:24:16.680][info] [#0:script/workspace/loading.lua:97]: Skip loaded file: file:///usr/share/nvim/runtime/lua/vim/_meta/api_keysets.lua
[15:24:16.680][info] [#0:script/workspace/loading.lua:100]: Preload file at: file:///usr/share/nvim/runtime/lua/vim/_meta/api_keysets_extra.lua , size = 4.535 KB
[15:24:16.682][info] [#0:script/workspace/loading.lua:112]: ++++As library of:	file:///usr/share/nvim/runtime/lua
[15:24:16.682][info] [#0:script/workspace/loading.lua:97]: Skip loaded file: file:///usr/share/nvim/runtime/lua/vim/_meta/api_keysets_extra.lua
[15:24:16.682][info] [#0:script/workspace/loading.lua:100]: Preload file at: file:///usr/share/nvim/runtime/lua/vim/_meta/base64.lua , size = 0.307 KB
[15:24:16.683][info] [#0:script/workspace/loading.lua:112]: ++++As library of:	file:///usr/share/nvim/runtime/lua
[15:24:16.683][info] [#0:script/workspace/loading.lua:97]: Skip loaded file: file:///usr/share/nvim/runtime/lua/vim/_meta/base64.lua
[15:24:16.683][info] [#0:script/workspace/loading.lua:100]: Preload file at: file:///usr/share/nvim/runtime/lua/vim/_meta/builtin.lua , size = 11.183 KB
[15:24:16.686][info] [#0:script/workspace/loading.lua:112]: ++++As library of:	file:///usr/share/nvim/runtime/lua
[15:24:16.686][info] [#0:script/workspace/loading.lua:97]: Skip loaded file: file:///usr/share/nvim/runtime/lua/vim/_meta/builtin.lua
[15:24:16.686][info] [#0:script/workspace/loading.lua:100]: Preload file at: file:///usr/share/nvim/runtime/lua/vim/_meta/builtin_types.lua , size = 3.362 KB
[15:24:16.688][info] [#0:script/workspace/loading.lua:112]: ++++As library of:	file:///usr/share/nvim/runtime/lua
[15:24:16.688][info] [#0:script/workspace/loading.lua:97]: Skip loaded file: file:///usr/share/nvim/runtime/lua/vim/_meta/builtin_types.lua
[15:24:16.688][info] [#0:script/workspace/loading.lua:100]: Preload file at: file:///usr/share/nvim/runtime/lua/vim/_meta/diff.lua , size = 2.492 KB
[15:24:16.689][info] [#0:script/workspace/loading.lua:112]: ++++As library of:	file:///usr/share/nvim/runtime/lua
[15:24:16.689][info] [#0:script/workspace/loading.lua:97]: Skip loaded file: file:///usr/share/nvim/runtime/lua/vim/_meta/diff.lua
[15:24:16.689][info] [#0:script/workspace/loading.lua:100]: Preload file at: file:///usr/share/nvim/runtime/lua/vim/_meta/json.lua , size = 1.359 KB
[15:24:16.690][info] [#0:script/workspace/loading.lua:112]: ++++As library of:	file:///usr/share/nvim/runtime/lua
[15:24:16.690][info] [#0:script/workspace/loading.lua:97]: Skip loaded file: file:///usr/share/nvim/runtime/lua/vim/_meta/json.lua
[15:24:16.690][info] [#0:script/workspace/loading.lua:100]: Preload file at: file:///usr/share/nvim/runtime/lua/vim/_meta/lpeg.lua , size = 15.348 KB
[15:24:16.694][info] [#0:script/workspace/loading.lua:112]: ++++As library of:	file:///usr/share/nvim/runtime/lua
[15:24:16.694][info] [#0:script/workspace/loading.lua:97]: Skip loaded file: file:///usr/share/nvim/runtime/lua/vim/_meta/lpeg.lua
[15:24:16.694][info] [#0:script/workspace/loading.lua:100]: Preload file at: file:///usr/share/nvim/runtime/lua/vim/_meta/misc.lua , size = 0.291 KB
[15:24:16.695][info] [#0:script/workspace/loading.lua:112]: ++++As library of:	file:///usr/share/nvim/runtime/lua
[15:24:16.695][info] [#0:script/workspace/loading.lua:97]: Skip loaded file: file:///usr/share/nvim/runtime/lua/vim/_meta/misc.lua
[15:24:16.695][info] [#0:script/workspace/loading.lua:100]: Preload file at: file:///usr/share/nvim/runtime/lua/vim/_meta/mpack.lua , size = 0.478 KB
[15:24:16.695][info] [#0:script/workspace/loading.lua:112]: ++++As library of:	file:///usr/share/nvim/runtime/lua
[15:24:16.695][info] [#0:script/workspace/loading.lua:97]: Skip loaded file: file:///usr/share/nvim/runtime/lua/vim/_meta/mpack.lua
[15:24:16.695][info] [#0:script/workspace/loading.lua:100]: Preload file at: file:///usr/share/nvim/runtime/lua/vim/_meta/options.lua , size = 323.972 KB
[15:24:16.795][info] [#0:script/workspace/loading.lua:112]: ++++As library of:	file:///usr/share/nvim/runtime/lua
[15:24:16.795][info] [#0:script/workspace/loading.lua:100]: Preload file at: file:///usr/share/nvim/runtime/lua/vim/_meta/re.lua , size = 2.217 KB
[15:24:16.796][info] [#0:script/workspace/loading.lua:112]: ++++As library of:	file:///usr/share/nvim/runtime/lua
[15:24:16.796][info] [#0:script/workspace/loading.lua:97]: Skip loaded file: file:///usr/share/nvim/runtime/lua/vim/_meta/re.lua
[15:24:16.796][info] [#0:script/workspace/loading.lua:100]: Preload file at: file:///usr/share/nvim/runtime/lua/vim/_meta/regex.lua , size = 1.347 KB
[15:24:16.797][info] [#0:script/workspace/loading.lua:112]: ++++As library of:	file:///usr/share/nvim/runtime/lua
[15:24:16.797][info] [#0:script/workspace/loading.lua:97]: Skip loaded file: file:///usr/share/nvim/runtime/lua/vim/_meta/regex.lua
[15:24:16.797][info] [#0:script/workspace/loading.lua:100]: Preload file at: file:///usr/share/nvim/runtime/lua/vim/_meta/spell.lua , size = 0.943 KB
[15:24:16.797][info] [#0:script/workspace/loading.lua:112]: ++++As library of:	file:///usr/share/nvim/runtime/lua
[15:24:16.797][info] [#0:script/workspace/loading.lua:97]: Skip loaded file: file:///usr/share/nvim/runtime/lua/vim/_meta/spell.lua
[15:24:16.797][info] [#0:script/workspace/loading.lua:97]: Skip loaded file: file:///usr/share/nvim/runtime/lua/vim/_meta/options.lua
[15:24:16.798][info] [#0:script/workspace/loading.lua:100]: Preload file at: file:///usr/share/nvim/runtime/lua/vim/_meta/vimfn.lua , size = 398.838 KB
[15:24:16.918][info] [#0:script/workspace/loading.lua:112]: ++++As library of:	file:///usr/share/nvim/runtime/lua
[15:24:16.918][info] [#0:script/workspace/loading.lua:97]: Skip loaded file: file:///usr/share/nvim/runtime/lua/vim/_meta/vimfn.lua
[15:24:16.918][info] [#0:script/workspace/loading.lua:100]: Preload file at: file:///usr/share/nvim/runtime/lua/vim/_meta/vvars.lua , size = 25.272 KB
[15:24:16.925][info] [#0:script/workspace/loading.lua:112]: ++++As library of:	file:///usr/share/nvim/runtime/lua
[15:24:16.925][info] [#0:script/workspace/loading.lua:97]: Skip loaded file: file:///usr/share/nvim/runtime/lua/vim/_meta/vvars.lua
[15:24:16.925][info] [#0:script/workspace/loading.lua:100]: Preload file at: file:///usr/share/nvim/runtime/lua/vim/_meta.lua , size = 0.977 KB
[15:24:16.926][info] [#0:script/workspace/loading.lua:112]: ++++As library of:	file:///usr/share/nvim/runtime/lua
[15:24:16.926][info] [#0:script/workspace/loading.lua:97]: Skip loaded file: file:///usr/share/nvim/runtime/lua/vim/_meta.lua
[15:24:16.926][info] [#0:script/workspace/loading.lua:100]: Preload file at: file:///usr/share/nvim/runtime/lua/vim/_options.lua , size = 25.441 KB
[15:24:16.935][info] [#0:script/workspace/loading.lua:112]: ++++As library of:	file:///usr/share/nvim/runtime/lua
[15:24:16.935][info] [#0:script/workspace/loading.lua:97]: Skip loaded file: file:///usr/share/nvim/runtime/lua/vim/_options.lua
[15:24:16.935][info] [#0:script/workspace/loading.lua:100]: Preload file at: file:///usr/share/nvim/runtime/lua/vim/_system.lua , size = 9.216 KB
[15:24:16.941][info] [#0:script/workspace/loading.lua:112]: ++++As library of:	file:///usr/share/nvim/runtime/lua
[15:24:16.941][info] [#0:script/workspace/loading.lua:97]: Skip loaded file: file:///usr/share/nvim/runtime/lua/vim/_system.lua
[15:24:16.941][info] [#0:script/workspace/loading.lua:100]: Preload file at: file:///usr/share/nvim/runtime/lua/vim/_watch.lua , size = 8.901 KB
[15:24:16.945][info] [#0:script/workspace/loading.lua:112]: ++++As library of:	file:///usr/share/nvim/runtime/lua
[15:24:16.945][info] [#0:script/workspace/loading.lua:97]: Skip loaded file: file:///usr/share/nvim/runtime/lua/vim/_watch.lua
[15:24:16.945][info] [#0:script/workspace/loading.lua:100]: Preload file at: file:///usr/share/nvim/runtime/lua/vim/diagnostic.lua , size = 69.172 KB
[15:24:16.977][info] [#0:script/workspace/loading.lua:112]: ++++As library of:	file:///usr/share/nvim/runtime/lua
[15:24:16.978][info] [#0:script/workspace/loading.lua:97]: Skip loaded file: file:///usr/share/nvim/runtime/lua/vim/diagnostic.lua
[15:24:16.978][info] [#0:script/workspace/loading.lua:100]: Preload file at: file:///usr/share/nvim/runtime/lua/vim/filetype/detect.lua , size = 57.151 KB
[15:24:17.041][info] [#0:script/workspace/loading.lua:112]: ++++As library of:	file:///usr/share/nvim/runtime/lua
[15:24:17.041][info] [#0:script/workspace/loading.lua:97]: Skip loaded file: file:///usr/share/nvim/runtime/lua/vim/filetype/detect.lua
[15:24:17.041][info] [#0:script/workspace/loading.lua:100]: Preload file at: file:///usr/share/nvim/runtime/lua/vim/filetype/options.lua , size = 2.559 KB
[15:24:17.043][info] [#0:script/workspace/loading.lua:112]: ++++As library of:	file:///usr/share/nvim/runtime/lua
[15:24:17.043][info] [#0:script/workspace/loading.lua:97]: Skip loaded file: file:///usr/share/nvim/runtime/lua/vim/filetype/options.lua
[15:24:17.043][info] [#0:script/workspace/loading.lua:100]: Preload file at: file:///usr/share/nvim/runtime/lua/vim/filetype.lua , size = 68.524 KB
[15:24:17.071][info] [#0:script/workspace/loading.lua:112]: ++++As library of:	file:///usr/share/nvim/runtime/lua
[15:24:17.071][info] [#0:script/workspace/loading.lua:97]: Skip loaded file: file:///usr/share/nvim/runtime/lua/vim/filetype.lua
[15:24:17.071][info] [#0:script/workspace/loading.lua:100]: Preload file at: file:///usr/share/nvim/runtime/lua/vim/fs.lua , size = 18.719 KB
[15:24:17.080][info] [#0:script/workspace/loading.lua:112]: ++++As library of:	file:///usr/share/nvim/runtime/lua
[15:24:17.080][info] [#0:script/workspace/loading.lua:97]: Skip loaded file: file:///usr/share/nvim/runtime/lua/vim/fs.lua
[15:24:17.080][info] [#0:script/workspace/loading.lua:100]: Preload file at: file:///usr/share/nvim/runtime/lua/vim/func/_memoize.lua , size = 1.354 KB
[15:24:17.081][info] [#0:script/workspace/loading.lua:112]: ++++As library of:	file:///usr/share/nvim/runtime/lua
[15:24:17.081][info] [#0:script/workspace/loading.lua:97]: Skip loaded file: file:///usr/share/nvim/runtime/lua/vim/func/_memoize.lua
[15:24:17.081][info] [#0:script/workspace/loading.lua:100]: Preload file at: file:///usr/share/nvim/runtime/lua/vim/func.lua , size = 1.753 KB
[15:24:17.082][info] [#0:script/workspace/loading.lua:112]: ++++As library of:	file:///usr/share/nvim/runtime/lua
[15:24:17.082][info] [#0:script/workspace/loading.lua:97]: Skip loaded file: file:///usr/share/nvim/runtime/lua/vim/func.lua
[15:24:17.082][info] [#0:script/workspace/loading.lua:100]: Preload file at: file:///usr/share/nvim/runtime/lua/vim/glob.lua , size = 3.001 KB
[15:24:17.084][info] [#0:script/workspace/loading.lua:112]: ++++As library of:	file:///usr/share/nvim/runtime/lua
[15:24:17.084][info] [#0:script/workspace/loading.lua:97]: Skip loaded file: file:///usr/share/nvim/runtime/lua/vim/glob.lua
[15:24:17.084][info] [#0:script/workspace/loading.lua:100]: Preload file at: file:///usr/share/nvim/runtime/lua/vim/health.lua , size = 12.685 KB
[15:24:17.091][info] [#0:script/workspace/loading.lua:112]: ++++As library of:	file:///usr/share/nvim/runtime/lua
[15:24:17.091][info] [#0:script/workspace/loading.lua:97]: Skip loaded file: file:///usr/share/nvim/runtime/lua/vim/health.lua
[15:24:17.091][info] [#0:script/workspace/loading.lua:100]: Preload file at: file:///usr/share/nvim/runtime/lua/vim/highlight.lua , size = 4.526 KB
[15:24:17.093][info] [#0:script/workspace/loading.lua:112]: ++++As library of:	file:///usr/share/nvim/runtime/lua
[15:24:17.094][info] [#0:script/workspace/loading.lua:97]: Skip loaded file: file:///usr/share/nvim/runtime/lua/vim/highlight.lua
[15:24:17.094][info] [#0:script/workspace/loading.lua:100]: Preload file at: file:///usr/share/nvim/runtime/lua/vim/inspect.lua , size = 8.864 KB
[15:24:17.098][info] [#0:script/workspace/loading.lua:112]: ++++As library of:	file:///usr/share/nvim/runtime/lua
[15:24:17.098][info] [#0:script/workspace/loading.lua:97]: Skip loaded file: file:///usr/share/nvim/runtime/lua/vim/inspect.lua
[15:24:17.098][info] [#0:script/workspace/loading.lua:100]: Preload file at: file:///usr/share/nvim/runtime/lua/vim/iter.lua , size = 25.504 KB
[15:24:17.113][info] [#0:script/workspace/loading.lua:112]: ++++As library of:	file:///usr/share/nvim/runtime/lua
[15:24:17.113][info] [#0:script/workspace/loading.lua:97]: Skip loaded file: file:///usr/share/nvim/runtime/lua/vim/iter.lua
[15:24:17.113][info] [#0:script/workspace/loading.lua:100]: Preload file at: file:///usr/share/nvim/runtime/lua/vim/keymap.lua , size = 3.682 KB
[15:24:17.115][info] [#0:script/workspace/loading.lua:112]: ++++As library of:	file:///usr/share/nvim/runtime/lua
[15:24:17.115][info] [#0:script/workspace/loading.lua:97]: Skip loaded file: file:///usr/share/nvim/runtime/lua/vim/keymap.lua
[15:24:17.115][info] [#0:script/workspace/loading.lua:100]: Preload file at: file:///usr/share/nvim/runtime/lua/vim/loader.lua , size = 15.741 KB
[15:24:17.125][info] [#0:script/workspace/loading.lua:112]: ++++As library of:	file:///usr/share/nvim/runtime/lua
[15:24:17.126][info] [#0:script/workspace/loading.lua:97]: Skip loaded file: file:///usr/share/nvim/runtime/lua/vim/loader.lua
[15:24:17.126][info] [#0:script/workspace/loading.lua:100]: Preload file at: file:///usr/share/nvim/runtime/lua/vim/lsp/_changetracking.lua , size = 11.492 KB
[15:24:17.132][info] [#0:script/workspace/loading.lua:112]: ++++As library of:	file:///usr/share/nvim/runtime/lua
[15:24:17.132][info] [#0:script/workspace/loading.lua:97]: Skip loaded file: file:///usr/share/nvim/runtime/lua/vim/lsp/_changetracking.lua
[15:24:17.132][info] [#0:script/workspace/loading.lua:100]: Preload file at: file:///usr/share/nvim/runtime/lua/vim/lsp/_completion.lua , size = 8.965 KB
[15:24:17.136][info] [#0:script/workspace/loading.lua:112]: ++++As library of:	file:///usr/share/nvim/runtime/lua
[15:24:17.136][info] [#0:script/workspace/loading.lua:97]: Skip loaded file: file:///usr/share/nvim/runtime/lua/vim/lsp/_completion.lua
[15:24:17.136][info] [#0:script/workspace/loading.lua:100]: Preload file at: file:///usr/share/nvim/runtime/lua/vim/lsp/_dynamic.lua , size = 2.973 KB
[15:24:17.139][info] [#0:script/workspace/loading.lua:112]: ++++As library of:	file:///usr/share/nvim/runtime/lua
[15:24:17.139][info] [#0:script/workspace/loading.lua:97]: Skip loaded file: file:///usr/share/nvim/runtime/lua/vim/lsp/_dynamic.lua
[15:24:17.139][info] [#0:script/workspace/loading.lua:100]: Preload file at: file:///usr/share/nvim/runtime/lua/vim/lsp/_meta/protocol.lua , size = 175.343 KB
[15:24:17.191][info] [#0:script/workspace/loading.lua:112]: ++++As library of:	file:///usr/share/nvim/runtime/lua
[15:24:17.191][info] [#0:script/workspace/loading.lua:97]: Skip loaded file: file:///usr/share/nvim/runtime/lua/vim/lsp/_meta/protocol.lua
[15:24:17.191][info] [#0:script/workspace/loading.lua:100]: Preload file at: file:///usr/share/nvim/runtime/lua/vim/lsp/_meta.lua , size = 0.440 KB
[15:24:17.191][info] [#0:script/workspace/loading.lua:112]: ++++As library of:	file:///usr/share/nvim/runtime/lua
[15:24:17.191][info] [#0:script/workspace/loading.lua:97]: Skip loaded file: file:///usr/share/nvim/runtime/lua/vim/lsp/_meta.lua
[15:24:17.191][info] [#0:script/workspace/loading.lua:100]: Preload file at: file:///usr/share/nvim/runtime/lua/vim/lsp/_snippet_grammar.lua , size = 6.179 KB
[15:24:17.196][info] [#0:script/workspace/loading.lua:112]: ++++As library of:	file:///usr/share/nvim/runtime/lua
[15:24:17.196][info] [#0:script/workspace/loading.lua:97]: Skip loaded file: file:///usr/share/nvim/runtime/lua/vim/lsp/_snippet_grammar.lua
[15:24:17.196][info] [#0:script/workspace/loading.lua:100]: Preload file at: file:///usr/share/nvim/runtime/lua/vim/lsp/_tagfunc.lua , size = 2.787 KB
[15:24:17.198][info] [#0:script/workspace/loading.lua:112]: ++++As library of:	file:///usr/share/nvim/runtime/lua
[15:24:17.198][info] [#0:script/workspace/loading.lua:97]: Skip loaded file: file:///usr/share/nvim/runtime/lua/vim/lsp/_tagfunc.lua
[15:24:17.198][info] [#0:script/workspace/loading.lua:100]: Preload file at: file:///usr/share/nvim/runtime/lua/vim/lsp/_watchfiles.lua , size = 6.889 KB
[15:24:17.201][info] [#0:script/workspace/loading.lua:112]: ++++As library of:	file:///usr/share/nvim/runtime/lua
[15:24:17.201][info] [#0:script/workspace/loading.lua:97]: Skip loaded file: file:///usr/share/nvim/runtime/lua/vim/lsp/_watchfiles.lua
[15:24:17.201][info] [#0:script/workspace/loading.lua:100]: Preload file at: file:///usr/share/nvim/runtime/lua/vim/lsp/buf.lua , size = 31.091 KB
[15:24:17.214][info] [#0:script/workspace/loading.lua:112]: ++++As library of:	file:///usr/share/nvim/runtime/lua
[15:24:17.214][info] [#0:script/workspace/loading.lua:97]: Skip loaded file: file:///usr/share/nvim/runtime/lua/vim/lsp/buf.lua
[15:24:17.214][info] [#0:script/workspace/loading.lua:100]: Preload file at: file:///usr/share/nvim/runtime/lua/vim/lsp/client.lua , size = 38.013 KB
[15:24:17.233][info] [#0:script/workspace/loading.lua:112]: ++++As library of:	file:///usr/share/nvim/runtime/lua
[15:24:17.233][info] [#0:script/workspace/loading.lua:97]: Skip loaded file: file:///usr/share/nvim/runtime/lua/vim/lsp/client.lua
[15:24:17.233][info] [#0:script/workspace/loading.lua:100]: Preload file at: file:///usr/share/nvim/runtime/lua/vim/lsp/codelens.lua , size = 9.336 KB
[15:24:17.238][info] [#0:script/workspace/loading.lua:112]: ++++As library of:	file:///usr/share/nvim/runtime/lua
[15:24:17.238][info] [#0:script/workspace/loading.lua:97]: Skip loaded file: file:///usr/share/nvim/runtime/lua/vim/lsp/codelens.lua
[15:24:17.238][info] [#0:script/workspace/loading.lua:100]: Preload file at: file:///usr/share/nvim/runtime/lua/vim/lsp/diagnostic.lua , size = 14.140 KB
[15:24:17.244][info] [#0:script/workspace/loading.lua:112]: ++++As library of:	file:///usr/share/nvim/runtime/lua
[15:24:17.244][info] [#0:script/workspace/loading.lua:97]: Skip loaded file: file:///usr/share/nvim/runtime/lua/vim/lsp/diagnostic.lua
[15:24:17.244][info] [#0:script/workspace/loading.lua:100]: Preload file at: file:///usr/share/nvim/runtime/lua/vim/lsp/handlers.lua , size = 26.904 KB
[15:24:17.256][info] [#0:script/workspace/loading.lua:112]: ++++As library of:	file:///usr/share/nvim/runtime/lua
[15:24:17.298][info] [#0:script/workspace/loading.lua:97]: Skip loaded file: file:///usr/share/nvim/runtime/lua/vim/lsp/handlers.lua
[15:24:17.299][info] [#0:script/workspace/loading.lua:100]: Preload file at: file:///usr/share/nvim/runtime/lua/vim/lsp/health.lua , size = 5.398 KB
[15:24:17.303][info] [#0:script/workspace/loading.lua:112]: ++++As library of:	file:///usr/share/nvim/runtime/lua
[15:24:17.303][info] [#0:script/workspace/loading.lua:97]: Skip loaded file: file:///usr/share/nvim/runtime/lua/vim/lsp/health.lua
[15:24:17.303][info] [#0:script/workspace/loading.lua:100]: Preload file at: file:///usr/share/nvim/runtime/lua/vim/lsp/inlay_hint.lua , size = 12.172 KB
[15:24:17.310][info] [#0:script/workspace/loading.lua:112]: ++++As library of:	file:///usr/share/nvim/runtime/lua
[15:24:17.310][info] [#0:script/workspace/loading.lua:97]: Skip loaded file: file:///usr/share/nvim/runtime/lua/vim/lsp/inlay_hint.lua
[15:24:17.310][info] [#0:script/workspace/loading.lua:100]: Preload file at: file:///usr/share/nvim/runtime/lua/vim/lsp/log.lua , size = 4.673 KB
[15:24:17.312][info] [#0:script/workspace/loading.lua:112]: ++++As library of:	file:///usr/share/nvim/runtime/lua
[15:24:17.312][info] [#0:script/workspace/loading.lua:97]: Skip loaded file: file:///usr/share/nvim/runtime/lua/vim/lsp/log.lua
[15:24:17.312][info] [#0:script/workspace/loading.lua:100]: Preload file at: file:///usr/share/nvim/runtime/lua/vim/lsp/protocol.lua , size = 48.973 KB
[15:24:17.321][info] [#0:script/workspace/loading.lua:112]: ++++As library of:	file:///usr/share/nvim/runtime/lua
[15:24:17.321][info] [#0:script/workspace/loading.lua:97]: Skip loaded file: file:///usr/share/nvim/runtime/lua/vim/lsp/protocol.lua
[15:24:17.321][info] [#0:script/workspace/loading.lua:100]: Preload file at: file:///usr/share/nvim/runtime/lua/vim/lsp/rpc.lua , size = 25.991 KB
[15:24:17.334][info] [#0:script/workspace/loading.lua:112]: ++++As library of:	file:///usr/share/nvim/runtime/lua
[15:24:17.334][info] [#0:script/workspace/loading.lua:97]: Skip loaded file: file:///usr/share/nvim/runtime/lua/vim/lsp/rpc.lua
[15:24:17.334][info] [#0:script/workspace/loading.lua:100]: Preload file at: file:///usr/share/nvim/runtime/lua/vim/lsp/semantic_tokens.lua , size = 26.267 KB
[15:24:17.344][info] [#0:script/workspace/loading.lua:112]: ++++As library of:	file:///usr/share/nvim/runtime/lua
[15:24:17.344][info] [#0:script/workspace/loading.lua:97]: Skip loaded file: file:///usr/share/nvim/runtime/lua/vim/lsp/semantic_tokens.lua
[15:24:17.344][info] [#0:script/workspace/loading.lua:100]: Preload file at: file:///usr/share/nvim/runtime/lua/vim/lsp/sync.lua , size = 16.226 KB
[15:24:17.349][info] [#0:script/workspace/loading.lua:112]: ++++As library of:	file:///usr/share/nvim/runtime/lua
[15:24:17.349][info] [#0:script/workspace/loading.lua:97]: Skip loaded file: file:///usr/share/nvim/runtime/lua/vim/lsp/sync.lua
[15:24:17.349][info] [#0:script/workspace/loading.lua:100]: Preload file at: file:///usr/share/nvim/runtime/lua/vim/lsp/util.lua , size = 77.311 KB
[15:24:17.382][info] [#0:script/workspace/loading.lua:112]: ++++As library of:	file:///usr/share/nvim/runtime/lua
[15:24:17.382][info] [#0:script/workspace/loading.lua:97]: Skip loaded file: file:///usr/share/nvim/runtime/lua/vim/lsp/util.lua
[15:24:17.382][info] [#0:script/workspace/loading.lua:100]: Preload file at: file:///usr/share/nvim/runtime/lua/vim/lsp.lua , size = 40.430 KB
[15:24:17.398][info] [#0:script/workspace/loading.lua:112]: ++++As library of:	file:///usr/share/nvim/runtime/lua
[15:24:17.398][info] [#0:script/workspace/loading.lua:97]: Skip loaded file: file:///usr/share/nvim/runtime/lua/vim/lsp.lua
[15:24:17.398][info] [#0:script/workspace/loading.lua:100]: Preload file at: file:///usr/share/nvim/runtime/lua/vim/provider/perl.lua , size = 1.998 KB
[15:24:17.399][info] [#0:script/workspace/loading.lua:112]: ++++As library of:	file:///usr/share/nvim/runtime/lua
[15:24:17.399][info] [#0:script/workspace/loading.lua:97]: Skip loaded file: file:///usr/share/nvim/runtime/lua/vim/provider/perl.lua
[15:24:17.399][info] [#0:script/workspace/loading.lua:100]: Preload file at: file:///usr/share/nvim/runtime/lua/vim/provider/python.lua , size = 4.224 KB
[15:24:17.401][info] [#0:script/workspace/loading.lua:112]: ++++As library of:	file:///usr/share/nvim/runtime/lua
[15:24:17.401][info] [#0:script/workspace/loading.lua:97]: Skip loaded file: file:///usr/share/nvim/runtime/lua/vim/provider/python.lua
[15:24:17.401][info] [#0:script/workspace/loading.lua:100]: Preload file at: file:///usr/share/nvim/runtime/lua/vim/provider/ruby.lua , size = 1.563 KB
[15:24:17.402][info] [#0:script/workspace/loading.lua:112]: ++++As library of:	file:///usr/share/nvim/runtime/lua
[15:24:17.402][info] [#0:script/workspace/loading.lua:97]: Skip loaded file: file:///usr/share/nvim/runtime/lua/vim/provider/ruby.lua
[15:24:17.402][info] [#0:script/workspace/loading.lua:100]: Preload file at: file:///usr/share/nvim/runtime/lua/vim/provider.lua , size = 0.197 KB
[15:24:17.402][info] [#0:script/workspace/loading.lua:112]: ++++As library of:	file:///usr/share/nvim/runtime/lua
[15:24:17.402][info] [#0:script/workspace/loading.lua:97]: Skip loaded file: file:///usr/share/nvim/runtime/lua/vim/provider.lua
[15:24:17.403][info] [#0:script/workspace/loading.lua:100]: Preload file at: file:///usr/share/nvim/runtime/lua/vim/re.lua , size = 6.495 KB
[15:24:17.407][info] [#0:script/workspace/loading.lua:112]: ++++As library of:	file:///usr/share/nvim/runtime/lua
[15:24:17.407][info] [#0:script/workspace/loading.lua:97]: Skip loaded file: file:///usr/share/nvim/runtime/lua/vim/re.lua
[15:24:17.407][info] [#0:script/workspace/loading.lua:100]: Preload file at: file:///usr/share/nvim/runtime/lua/vim/secure.lua , size = 5.018 KB
[15:24:17.409][info] [#0:script/workspace/loading.lua:112]: ++++As library of:	file:///usr/share/nvim/runtime/lua
[15:24:17.409][info] [#0:script/workspace/loading.lua:97]: Skip loaded file: file:///usr/share/nvim/runtime/lua/vim/secure.lua
[15:24:17.409][info] [#0:script/workspace/loading.lua:100]: Preload file at: file:///usr/share/nvim/runtime/lua/vim/shared.lua , size = 29.331 KB
[15:24:17.424][info] [#0:script/workspace/loading.lua:112]: ++++As library of:	file:///usr/share/nvim/runtime/lua
[15:24:17.424][info] [#0:script/workspace/loading.lua:97]: Skip loaded file: file:///usr/share/nvim/runtime/lua/vim/shared.lua
[15:24:17.424][info] [#0:script/workspace/loading.lua:100]: Preload file at: file:///usr/share/nvim/runtime/lua/vim/snippet.lua , size = 20.081 KB
[15:24:17.433][info] [#0:script/workspace/loading.lua:112]: ++++As library of:	file:///usr/share/nvim/runtime/lua
[15:24:17.433][info] [#0:script/workspace/loading.lua:97]: Skip loaded file: file:///usr/share/nvim/runtime/lua/vim/snippet.lua
[15:24:17.434][info] [#0:script/workspace/loading.lua:100]: Preload file at: file:///usr/share/nvim/runtime/lua/vim/termcap.lua , size = 3.103 KB
[15:24:17.435][info] [#0:script/workspace/loading.lua:112]: ++++As library of:	file:///usr/share/nvim/runtime/lua
[15:24:17.435][info] [#0:script/workspace/loading.lua:97]: Skip loaded file: file:///usr/share/nvim/runtime/lua/vim/termcap.lua
[15:24:17.435][info] [#0:script/workspace/loading.lua:100]: Preload file at: file:///usr/share/nvim/runtime/lua/vim/text.lua , size = 0.812 KB
[15:24:17.436][info] [#0:script/workspace/loading.lua:112]: ++++As library of:	file:///usr/share/nvim/runtime/lua
[15:24:17.436][info] [#0:script/workspace/loading.lua:97]: Skip loaded file: file:///usr/share/nvim/runtime/lua/vim/text.lua
[15:24:17.436][info] [#0:script/workspace/loading.lua:100]: Preload file at: file:///usr/share/nvim/runtime/lua/vim/treesitter/_fold.lua , size = 14.745 KB
[15:24:17.442][info] [#0:script/workspace/loading.lua:112]: ++++As library of:	file:///usr/share/nvim/runtime/lua
[15:24:17.442][info] [#0:script/workspace/loading.lua:97]: Skip loaded file: file:///usr/share/nvim/runtime/lua/vim/treesitter/_fold.lua
[15:24:17.442][info] [#0:script/workspace/loading.lua:100]: Preload file at: file:///usr/share/nvim/runtime/lua/vim/treesitter/_meta.lua , size = 4.483 KB
[15:24:17.446][info] [#0:script/workspace/loading.lua:112]: ++++As library of:	file:///usr/share/nvim/runtime/lua
[15:24:17.446][info] [#0:script/workspace/loading.lua:97]: Skip loaded file: file:///usr/share/nvim/runtime/lua/vim/treesitter/_meta.lua
[15:24:17.446][info] [#0:script/workspace/loading.lua:100]: Preload file at: file:///usr/share/nvim/runtime/lua/vim/treesitter/_query_linter.lua , size = 7.627 KB
[15:24:17.450][info] [#0:script/workspace/loading.lua:112]: ++++As library of:	file:///usr/share/nvim/runtime/lua
[15:24:17.450][info] [#0:script/workspace/loading.lua:97]: Skip loaded file: file:///usr/share/nvim/runtime/lua/vim/treesitter/_query_linter.lua
[15:24:17.450][info] [#0:script/workspace/loading.lua:100]: Preload file at: file:///usr/share/nvim/runtime/lua/vim/treesitter/_range.lua , size = 3.869 KB
[15:24:17.453][info] [#0:script/workspace/loading.lua:112]: ++++As library of:	file:///usr/share/nvim/runtime/lua
[15:24:17.453][info] [#0:script/workspace/loading.lua:97]: Skip loaded file: file:///usr/share/nvim/runtime/lua/vim/treesitter/_range.lua
[15:24:17.453][info] [#0:script/workspace/loading.lua:100]: Preload file at: file:///usr/share/nvim/runtime/lua/vim/treesitter/dev.lua , size = 19.644 KB
[15:24:17.463][info] [#0:script/workspace/loading.lua:112]: ++++As library of:	file:///usr/share/nvim/runtime/lua
[15:24:17.463][info] [#0:script/workspace/loading.lua:97]: Skip loaded file: file:///usr/share/nvim/runtime/lua/vim/treesitter/dev.lua
[15:24:17.463][info] [#0:script/workspace/loading.lua:100]: Preload file at: file:///usr/share/nvim/runtime/lua/vim/treesitter/health.lua , size = 0.856 KB
[15:24:17.464][info] [#0:script/workspace/loading.lua:112]: ++++As library of:	file:///usr/share/nvim/runtime/lua
[15:24:17.464][info] [#0:script/workspace/loading.lua:97]: Skip loaded file: file:///usr/share/nvim/runtime/lua/vim/treesitter/health.lua
[15:24:17.464][info] [#0:script/workspace/loading.lua:100]: Preload file at: file:///usr/share/nvim/runtime/lua/vim/treesitter/highlighter.lua , size = 11.811 KB
[15:24:17.469][info] [#0:script/workspace/loading.lua:112]: ++++As library of:	file:///usr/share/nvim/runtime/lua
[15:24:17.470][info] [#0:script/workspace/loading.lua:97]: Skip loaded file: file:///usr/share/nvim/runtime/lua/vim/treesitter/highlighter.lua
[15:24:17.470][info] [#0:script/workspace/loading.lua:100]: Preload file at: file:///usr/share/nvim/runtime/lua/vim/treesitter/language.lua , size = 3.684 KB
[15:24:17.472][info] [#0:script/workspace/loading.lua:112]: ++++As library of:	file:///usr/share/nvim/runtime/lua
[15:24:17.472][info] [#0:script/workspace/loading.lua:97]: Skip loaded file: file:///usr/share/nvim/runtime/lua/vim/treesitter/language.lua
[15:24:17.472][info] [#0:script/workspace/loading.lua:100]: Preload file at: file:///usr/share/nvim/runtime/lua/vim/treesitter/languagetree.lua , size = 33.292 KB
[15:24:17.488][info] [#0:script/workspace/loading.lua:112]: ++++As library of:	file:///usr/share/nvim/runtime/lua
[15:24:17.488][info] [#0:script/workspace/loading.lua:97]: Skip loaded file: file:///usr/share/nvim/runtime/lua/vim/treesitter/languagetree.lua
[15:24:17.488][info] [#0:script/workspace/loading.lua:100]: Preload file at: file:///usr/share/nvim/runtime/lua/vim/treesitter/query.lua , size = 32.301 KB
[15:24:17.502][info] [#0:script/workspace/loading.lua:112]: ++++As library of:	file:///usr/share/nvim/runtime/lua
[15:24:17.502][info] [#0:script/workspace/loading.lua:97]: Skip loaded file: file:///usr/share/nvim/runtime/lua/vim/treesitter/query.lua
[15:24:17.502][info] [#0:script/workspace/loading.lua:100]: Preload file at: file:///usr/share/nvim/runtime/lua/vim/treesitter.lua , size = 14.036 KB
[15:24:17.509][info] [#0:script/workspace/loading.lua:112]: ++++As library of:	file:///usr/share/nvim/runtime/lua
[15:24:17.509][info] [#0:script/workspace/loading.lua:97]: Skip loaded file: file:///usr/share/nvim/runtime/lua/vim/treesitter.lua
[15:24:17.509][info] [#0:script/workspace/loading.lua:100]: Preload file at: file:///usr/share/nvim/runtime/lua/vim/ui/clipboard/osc52.lua , size = 2.137 KB
[15:24:17.510][info] [#0:script/workspace/loading.lua:112]: ++++As library of:	file:///usr/share/nvim/runtime/lua
[15:24:17.510][info] [#0:script/workspace/loading.lua:97]: Skip loaded file: file:///usr/share/nvim/runtime/lua/vim/ui/clipboard/osc52.lua
[15:24:17.510][info] [#0:script/workspace/loading.lua:100]: Preload file at: file:///usr/share/nvim/runtime/lua/vim/ui.lua , size = 5.396 KB
[15:24:17.512][info] [#0:script/workspace/loading.lua:112]: ++++As library of:	file:///usr/share/nvim/runtime/lua
[15:24:17.512][info] [#0:script/workspace/loading.lua:97]: Skip loaded file: file:///usr/share/nvim/runtime/lua/vim/ui.lua
[15:24:17.512][info] [#0:script/workspace/loading.lua:100]: Preload file at: file:///usr/share/nvim/runtime/lua/vim/uri.lua , size = 3.571 KB
[15:24:17.515][info] [#0:script/workspace/loading.lua:112]: ++++As library of:	file:///usr/share/nvim/runtime/lua
[15:24:17.515][info] [#0:script/workspace/loading.lua:97]: Skip loaded file: file:///usr/share/nvim/runtime/lua/vim/uri.lua
[15:24:17.515][info] [#0:script/workspace/loading.lua:100]: Preload file at: file:///usr/share/nvim/runtime/lua/vim/version.lua , size = 13.605 KB
[15:24:17.521][info] [#0:script/workspace/loading.lua:112]: ++++As library of:	file:///usr/share/nvim/runtime/lua
[15:24:17.521][info] [#0:script/workspace/loading.lua:97]: Skip loaded file: file:///usr/share/nvim/runtime/lua/vim/version.lua
[15:24:17.521][info] [#0:script/workspace/loading.lua:100]: Preload file at: file:///usr/share/nvim/runtime/lua/vim/vimhelp.lua , size = 0.967 KB
[15:24:17.522][info] [#0:script/workspace/loading.lua:112]: ++++As library of:	file:///usr/share/nvim/runtime/lua
[15:24:17.522][info] [#0:script/workspace/loading.lua:97]: Skip loaded file: file:///usr/share/nvim/runtime/lua/vim/vimhelp.lua
[15:24:17.522][info] [#0:script/workspace/loading.lua:100]: Preload file at: file:///home/mak/.local/share/nvim/lazy/ui/nvchad_types/all_hl_groups.lua , size = 40.871 KB
[15:24:17.535][info] [#0:script/workspace/loading.lua:112]: ++++As library of:	file:///home/mak/.local/share/nvim/lazy/ui/nvchad_types
[15:24:17.535][info] [#0:script/workspace/loading.lua:97]: Skip loaded file: file:///home/mak/.local/share/nvim/lazy/ui/nvchad_types/all_hl_groups.lua
[15:24:17.535][info] [#0:script/workspace/loading.lua:100]: Preload file at: file:///home/mak/.local/share/nvim/lazy/ui/nvchad_types/base46.lua , size = 7.725 KB
[15:24:17.537][info] [#0:script/workspace/loading.lua:112]: ++++As library of:	file:///home/mak/.local/share/nvim/lazy/ui/nvchad_types
[15:24:17.538][info] [#0:script/workspace/loading.lua:97]: Skip loaded file: file:///home/mak/.local/share/nvim/lazy/ui/nvchad_types/base46.lua
[15:24:17.538][info] [#0:script/workspace/loading.lua:100]: Preload file at: file:///home/mak/.local/share/nvim/lazy/ui/nvchad_types/chadrc.lua , size = 8.765 KB
[15:24:17.541][info] [#0:script/workspace/loading.lua:112]: ++++As library of:	file:///home/mak/.local/share/nvim/lazy/ui/nvchad_types
[15:24:17.541][info] [#0:script/workspace/loading.lua:97]: Skip loaded file: file:///home/mak/.local/share/nvim/lazy/ui/nvchad_types/chadrc.lua
[15:24:17.541][info] [#0:script/workspace/loading.lua:100]: Preload file at: file:///home/mak/.local/share/nvim/lazy/ui/nvchad_types/keymaps.lua , size = 1.461 KB
[15:24:17.542][info] [#0:script/workspace/loading.lua:112]: ++++As library of:	file:///home/mak/.local/share/nvim/lazy/ui/nvchad_types
[15:24:17.542][info] [#0:script/workspace/loading.lua:97]: Skip loaded file: file:///home/mak/.local/share/nvim/lazy/ui/nvchad_types/keymaps.lua
[15:24:17.542][info] [#0:script/workspace/loading.lua:100]: Preload file at: file:///home/mak/.local/share/nvim/lazy/ui/nvchad_types/plugins.lua , size = 5.782 KB
[15:24:17.544][info] [#0:script/workspace/loading.lua:112]: ++++As library of:	file:///home/mak/.local/share/nvim/lazy/ui/nvchad_types
[15:24:17.544][info] [#0:script/workspace/loading.lua:97]: Skip loaded file: file:///home/mak/.local/share/nvim/lazy/ui/nvchad_types/plugins.lua
[15:24:17.544][info] [#0:script/workspace/loading.lua:100]: Preload file at: file:///home/mak/.local/share/nvim/lazy/ui/nvchad_types/themes.lua , size = 4.774 KB
[15:24:17.546][info] [#0:script/workspace/loading.lua:112]: ++++As library of:	file:///home/mak/.local/share/nvim/lazy/ui/nvchad_types
[15:24:17.546][info] [#0:script/workspace/loading.lua:97]: Skip loaded file: file:///home/mak/.local/share/nvim/lazy/ui/nvchad_types/themes.lua
[15:24:17.546][info] [#0:script/workspace/loading.lua:100]: Preload file at: file:///home/mak/.local/share/nvim/mason/packages/lua-language-server/libexec/meta/Lua%205.4%20en-us%20utf8/string.lua , size = 5.260 KB
[15:24:17.548][info] [#0:script/workspace/loading.lua:112]: ++++As library of:	file:///home/mak/.local/share/nvim/mason/packages/lua-language-server/libexec/meta/Lua%205.4%20en-us%20utf8/string.lua
[15:24:17.548][info] [#0:script/workspace/loading.lua:97]: Skip loaded file: file:///home/mak/.local/share/nvim/mason/packages/lua-language-server/libexec/meta/Lua%205.4%20en-us%20utf8/string.lua
[15:24:17.548][info] [#0:script/workspace/loading.lua:97]: Skip loaded file: file:///usr/share/nvim/runtime/lua/vim/lsp/_changetracking.lua
[15:24:17.548][info] [#0:script/workspace/loading.lua:97]: Skip loaded file: file:///usr/share/nvim/runtime/lua/vim/lsp/_changetracking.lua
[15:24:17.548][info] [#0:script/workspace/loading.lua:97]: Skip loaded file: file:///usr/share/nvim/runtime/lua/vim/lsp/_completion.lua
[15:24:17.548][info] [#0:script/workspace/loading.lua:97]: Skip loaded file: file:///usr/share/nvim/runtime/lua/vim/lsp/_completion.lua
[15:24:17.548][info] [#0:script/workspace/loading.lua:97]: Skip loaded file: file:///usr/share/nvim/runtime/lua/vim/lsp/_dynamic.lua
[15:24:17.548][info] [#0:script/workspace/loading.lua:97]: Skip loaded file: file:///usr/share/nvim/runtime/lua/vim/lsp/_dynamic.lua
[15:24:17.549][info] [#0:script/workspace/loading.lua:97]: Skip loaded file: file:///usr/share/nvim/runtime/lua/vim/lsp/_meta/protocol.lua
[15:24:17.549][info] [#0:script/workspace/loading.lua:97]: Skip loaded file: file:///usr/share/nvim/runtime/lua/vim/lsp/_meta.lua
[15:24:17.549][info] [#0:script/workspace/loading.lua:97]: Skip loaded file: file:///usr/share/nvim/runtime/lua/vim/lsp/_meta.lua
[15:24:17.549][info] [#0:script/workspace/loading.lua:97]: Skip loaded file: file:///usr/share/nvim/runtime/lua/vim/lsp/_meta/protocol.lua
[15:24:17.549][info] [#0:script/workspace/loading.lua:97]: Skip loaded file: file:///usr/share/nvim/runtime/lua/vim/lsp/_snippet_grammar.lua
[15:24:17.549][info] [#0:script/workspace/loading.lua:97]: Skip loaded file: file:///usr/share/nvim/runtime/lua/vim/lsp/_snippet_grammar.lua
[15:24:17.549][info] [#0:script/workspace/loading.lua:97]: Skip loaded file: file:///usr/share/nvim/runtime/lua/vim/lsp/_tagfunc.lua
[15:24:17.549][info] [#0:script/workspace/loading.lua:97]: Skip loaded file: file:///usr/share/nvim/runtime/lua/vim/lsp/_tagfunc.lua
[15:24:17.549][info] [#0:script/workspace/loading.lua:97]: Skip loaded file: file:///usr/share/nvim/runtime/lua/vim/lsp/_watchfiles.lua
[15:24:17.549][info] [#0:script/workspace/loading.lua:97]: Skip loaded file: file:///usr/share/nvim/runtime/lua/vim/lsp/_watchfiles.lua
[15:24:17.549][info] [#0:script/workspace/loading.lua:97]: Skip loaded file: file:///usr/share/nvim/runtime/lua/vim/lsp/buf.lua
[15:24:17.549][info] [#0:script/workspace/loading.lua:97]: Skip loaded file: file:///usr/share/nvim/runtime/lua/vim/lsp/buf.lua
[15:24:17.549][info] [#0:script/workspace/loading.lua:97]: Skip loaded file: file:///usr/share/nvim/runtime/lua/vim/lsp/client.lua
[15:24:17.549][info] [#0:script/workspace/loading.lua:97]: Skip loaded file: file:///usr/share/nvim/runtime/lua/vim/lsp/client.lua
[15:24:17.549][info] [#0:script/workspace/loading.lua:97]: Skip loaded file: file:///usr/share/nvim/runtime/lua/vim/lsp/codelens.lua
[15:24:17.549][info] [#0:script/workspace/loading.lua:97]: Skip loaded file: file:///usr/share/nvim/runtime/lua/vim/lsp/codelens.lua
[15:24:17.549][info] [#0:script/workspace/loading.lua:97]: Skip loaded file: file:///usr/share/nvim/runtime/lua/vim/lsp/diagnostic.lua
[15:24:17.549][info] [#0:script/workspace/loading.lua:97]: Skip loaded file: file:///usr/share/nvim/runtime/lua/vim/lsp/diagnostic.lua
[15:24:17.549][info] [#0:script/workspace/loading.lua:97]: Skip loaded file: file:///usr/share/nvim/runtime/lua/vim/lsp/handlers.lua
[15:24:17.549][info] [#0:script/workspace/loading.lua:97]: Skip loaded file: file:///usr/share/nvim/runtime/lua/vim/lsp/health.lua
[15:24:17.549][info] [#0:script/workspace/loading.lua:97]: Skip loaded file: file:///usr/share/nvim/runtime/lua/vim/lsp/handlers.lua
[15:24:17.549][info] [#0:script/workspace/loading.lua:97]: Skip loaded file: file:///usr/share/nvim/runtime/lua/vim/lsp/health.lua
[15:24:17.549][info] [#0:script/workspace/loading.lua:97]: Skip loaded file: file:///usr/share/nvim/runtime/lua/vim/lsp/inlay_hint.lua
[15:24:17.549][info] [#0:script/workspace/loading.lua:97]: Skip loaded file: file:///usr/share/nvim/runtime/lua/vim/lsp/inlay_hint.lua
[15:24:17.549][info] [#0:script/workspace/loading.lua:97]: Skip loaded file: file:///usr/share/nvim/runtime/lua/vim/lsp/log.lua
[15:24:17.549][info] [#0:script/workspace/loading.lua:97]: Skip loaded file: file:///usr/share/nvim/runtime/lua/vim/lsp/log.lua
[15:24:17.549][info] [#0:script/workspace/loading.lua:97]: Skip loaded file: file:///usr/share/nvim/runtime/lua/vim/lsp/protocol.lua
[15:24:17.549][info] [#0:script/workspace/loading.lua:97]: Skip loaded file: file:///usr/share/nvim/runtime/lua/vim/lsp/protocol.lua
[15:24:17.549][info] [#0:script/workspace/loading.lua:97]: Skip loaded file: file:///usr/share/nvim/runtime/lua/vim/lsp/rpc.lua
[15:24:17.549][info] [#0:script/workspace/loading.lua:97]: Skip loaded file: file:///usr/share/nvim/runtime/lua/vim/lsp/rpc.lua
[15:24:17.549][info] [#0:script/workspace/loading.lua:97]: Skip loaded file: file:///usr/share/nvim/runtime/lua/vim/lsp/semantic_tokens.lua
[15:24:17.549][info] [#0:script/workspace/loading.lua:97]: Skip loaded file: file:///usr/share/nvim/runtime/lua/vim/lsp/semantic_tokens.lua
[15:24:17.549][info] [#0:script/workspace/loading.lua:97]: Skip loaded file: file:///usr/share/nvim/runtime/lua/vim/lsp/sync.lua
[15:24:17.549][info] [#0:script/workspace/loading.lua:97]: Skip loaded file: file:///usr/share/nvim/runtime/lua/vim/lsp/sync.lua
[15:24:17.549][info] [#0:script/workspace/loading.lua:97]: Skip loaded file: file:///usr/share/nvim/runtime/lua/vim/lsp/util.lua
[15:24:17.549][info] [#0:script/workspace/loading.lua:97]: Skip loaded file: file:///usr/share/nvim/runtime/lua/vim/lsp/util.lua
[15:24:17.549][info] [#0:script/workspace/loading.lua:100]: Preload file at: file:///home/mak/.local/share/nvim/lazy/lazy.nvim/lua/lazy/async.lua , size = 4.302 KB
[15:24:17.553][info] [#0:script/workspace/loading.lua:112]: ++++As library of:	file:///home/mak/.local/share/nvim/lazy/lazy.nvim/lua/lazy
[15:24:17.553][info] [#0:script/workspace/loading.lua:97]: Skip loaded file: file:///home/mak/.local/share/nvim/lazy/lazy.nvim/lua/lazy/async.lua
[15:24:17.553][info] [#0:script/workspace/loading.lua:100]: Preload file at: file:///home/mak/.local/share/nvim/lazy/lazy.nvim/lua/lazy/build.lua , size = 3.018 KB
[15:24:17.555][info] [#0:script/workspace/loading.lua:112]: ++++As library of:	file:///home/mak/.local/share/nvim/lazy/lazy.nvim/lua/lazy
[15:24:17.555][info] [#0:script/workspace/loading.lua:97]: Skip loaded file: file:///home/mak/.local/share/nvim/lazy/lazy.nvim/lua/lazy/build.lua
[15:24:17.555][info] [#0:script/workspace/loading.lua:100]: Preload file at: file:///home/mak/.local/share/nvim/lazy/lazy.nvim/lua/lazy/community/_generated.lua , size = 60.994 KB
[15:24:17.571][info] [#0:script/workspace/loading.lua:112]: ++++As library of:	file:///home/mak/.local/share/nvim/lazy/lazy.nvim/lua/lazy
[15:24:17.571][info] [#0:script/workspace/loading.lua:97]: Skip loaded file: file:///home/mak/.local/share/nvim/lazy/lazy.nvim/lua/lazy/community/_generated.lua
[15:24:17.571][info] [#0:script/workspace/loading.lua:100]: Preload file at: file:///home/mak/.local/share/nvim/lazy/lazy.nvim/lua/lazy/community/init.lua , size = 0.511 KB
[15:24:17.571][info] [#0:script/workspace/loading.lua:112]: ++++As library of:	file:///home/mak/.local/share/nvim/lazy/lazy.nvim/lua/lazy
[15:24:17.571][info] [#0:script/workspace/loading.lua:97]: Skip loaded file: file:///home/mak/.local/share/nvim/lazy/lazy.nvim/lua/lazy/community/init.lua
[15:24:17.571][info] [#0:script/workspace/loading.lua:100]: Preload file at: file:///home/mak/.local/share/nvim/lazy/lazy.nvim/lua/lazy/community/specs.lua , size = 0.115 KB
[15:24:17.572][info] [#0:script/workspace/loading.lua:112]: ++++As library of:	file:///home/mak/.local/share/nvim/lazy/lazy.nvim/lua/lazy
[15:24:17.572][info] [#0:script/workspace/loading.lua:97]: Skip loaded file: file:///home/mak/.local/share/nvim/lazy/lazy.nvim/lua/lazy/community/specs.lua
[15:24:17.572][info] [#0:script/workspace/loading.lua:100]: Preload file at: file:///home/mak/.local/share/nvim/lazy/lazy.nvim/lua/lazy/core/cache.lua , size = 16.584 KB
[15:24:17.581][info] [#0:script/workspace/loading.lua:112]: ++++As library of:	file:///home/mak/.local/share/nvim/lazy/lazy.nvim/lua/lazy
[15:24:17.581][info] [#0:script/workspace/loading.lua:97]: Skip loaded file: file:///home/mak/.local/share/nvim/lazy/lazy.nvim/lua/lazy/core/cache.lua
[15:24:17.581][info] [#0:script/workspace/loading.lua:100]: Preload file at: file:///home/mak/.local/share/nvim/lazy/lazy.nvim/lua/lazy/core/config.lua , size = 12.013 KB
[15:24:17.586][info] [#0:script/workspace/loading.lua:112]: ++++As library of:	file:///home/mak/.local/share/nvim/lazy/lazy.nvim/lua/lazy
[15:24:17.586][info] [#0:script/workspace/loading.lua:97]: Skip loaded file: file:///home/mak/.local/share/nvim/lazy/lazy.nvim/lua/lazy/core/config.lua
[15:24:17.586][info] [#0:script/workspace/loading.lua:100]: Preload file at: file:///home/mak/.local/share/nvim/lazy/lazy.nvim/lua/lazy/core/fragments.lua , size = 4.215 KB
[15:24:17.588][info] [#0:script/workspace/loading.lua:112]: ++++As library of:	file:///home/mak/.local/share/nvim/lazy/lazy.nvim/lua/lazy
[15:24:17.588][info] [#0:script/workspace/loading.lua:97]: Skip loaded file: file:///home/mak/.local/share/nvim/lazy/lazy.nvim/lua/lazy/core/fragments.lua
[15:24:17.588][info] [#0:script/workspace/loading.lua:100]: Preload file at: file:///home/mak/.local/share/nvim/lazy/lazy.nvim/lua/lazy/core/handler/cmd.lua , size = 1.638 KB
[15:24:17.590][info] [#0:script/workspace/loading.lua:112]: ++++As library of:	file:///home/mak/.local/share/nvim/lazy/lazy.nvim/lua/lazy
[15:24:17.590][info] [#0:script/workspace/loading.lua:97]: Skip loaded file: file:///home/mak/.local/share/nvim/lazy/lazy.nvim/lua/lazy/core/handler/cmd.lua
[15:24:17.590][info] [#0:script/workspace/loading.lua:100]: Preload file at: file:///home/mak/.local/share/nvim/lazy/lazy.nvim/lua/lazy/core/handler/event.lua , size = 4.956 KB
[15:24:17.593][info] [#0:script/workspace/loading.lua:112]: ++++As library of:	file:///home/mak/.local/share/nvim/lazy/lazy.nvim/lua/lazy
[15:24:17.593][info] [#0:script/workspace/loading.lua:97]: Skip loaded file: file:///home/mak/.local/share/nvim/lazy/lazy.nvim/lua/lazy/core/handler/event.lua
[15:24:17.593][info] [#0:script/workspace/loading.lua:100]: Preload file at: file:///home/mak/.local/share/nvim/lazy/lazy.nvim/lua/lazy/core/handler/ft.lua , size = 0.442 KB
[15:24:17.594][info] [#0:script/workspace/loading.lua:112]: ++++As library of:	file:///home/mak/.local/share/nvim/lazy/lazy.nvim/lua/lazy
[15:24:17.594][info] [#0:script/workspace/loading.lua:97]: Skip loaded file: file:///home/mak/.local/share/nvim/lazy/lazy.nvim/lua/lazy/core/handler/ft.lua
[15:24:17.594][info] [#0:script/workspace/loading.lua:100]: Preload file at: file:///home/mak/.local/share/nvim/lazy/lazy.nvim/lua/lazy/core/handler/init.lua , size = 3.170 KB
[15:24:17.596][info] [#0:script/workspace/loading.lua:112]: ++++As library of:	file:///home/mak/.local/share/nvim/lazy/lazy.nvim/lua/lazy
[15:24:17.596][info] [#0:script/workspace/loading.lua:97]: Skip loaded file: file:///home/mak/.local/share/nvim/lazy/lazy.nvim/lua/lazy/core/handler/init.lua
[15:24:17.596][info] [#0:script/workspace/loading.lua:100]: Preload file at: file:///home/mak/.local/share/nvim/lazy/lazy.nvim/lua/lazy/core/handler/keys.lua , size = 5.302 KB
[15:24:17.600][info] [#0:script/workspace/loading.lua:112]: ++++As library of:	file:///home/mak/.local/share/nvim/lazy/lazy.nvim/lua/lazy
[15:24:17.600][info] [#0:script/workspace/loading.lua:97]: Skip loaded file: file:///home/mak/.local/share/nvim/lazy/lazy.nvim/lua/lazy/core/handler/keys.lua
[15:24:17.600][info] [#0:script/workspace/loading.lua:100]: Preload file at: file:///home/mak/.local/share/nvim/lazy/lazy.nvim/lua/lazy/core/loader.lua , size = 14.966 KB
[15:24:17.672][info] [#0:script/workspace/loading.lua:112]: ++++As library of:	file:///home/mak/.local/share/nvim/lazy/lazy.nvim/lua/lazy
[15:24:17.672][info] [#0:script/workspace/loading.lua:97]: Skip loaded file: file:///home/mak/.local/share/nvim/lazy/lazy.nvim/lua/lazy/core/loader.lua
[15:24:17.672][info] [#0:script/workspace/loading.lua:100]: Preload file at: file:///home/mak/.local/share/nvim/lazy/lazy.nvim/lua/lazy/core/meta.lua , size = 9.738 KB
[15:24:17.678][info] [#0:script/workspace/loading.lua:112]: ++++As library of:	file:///home/mak/.local/share/nvim/lazy/lazy.nvim/lua/lazy
[15:24:17.678][info] [#0:script/workspace/loading.lua:97]: Skip loaded file: file:///home/mak/.local/share/nvim/lazy/lazy.nvim/lua/lazy/core/meta.lua
[15:24:17.678][info] [#0:script/workspace/loading.lua:100]: Preload file at: file:///home/mak/.local/share/nvim/lazy/lazy.nvim/lua/lazy/core/plugin.lua , size = 12.370 KB
[15:24:17.686][info] [#0:script/workspace/loading.lua:112]: ++++As library of:	file:///home/mak/.local/share/nvim/lazy/lazy.nvim/lua/lazy
[15:24:17.686][info] [#0:script/workspace/loading.lua:97]: Skip loaded file: file:///home/mak/.local/share/nvim/lazy/lazy.nvim/lua/lazy/core/plugin.lua
[15:24:17.686][info] [#0:script/workspace/loading.lua:100]: Preload file at: file:///home/mak/.local/share/nvim/lazy/lazy.nvim/lua/lazy/core/util.lua , size = 12.348 KB
[15:24:17.696][info] [#0:script/workspace/loading.lua:112]: ++++As library of:	file:///home/mak/.local/share/nvim/lazy/lazy.nvim/lua/lazy
[15:24:17.696][info] [#0:script/workspace/loading.lua:97]: Skip loaded file: file:///home/mak/.local/share/nvim/lazy/lazy.nvim/lua/lazy/core/util.lua
[15:24:17.696][info] [#0:script/workspace/loading.lua:100]: Preload file at: file:///home/mak/.local/share/nvim/lazy/lazy.nvim/lua/lazy/docs.lua , size = 4.729 KB
[15:24:17.699][info] [#0:script/workspace/loading.lua:112]: ++++As library of:	file:///home/mak/.local/share/nvim/lazy/lazy.nvim/lua/lazy
[15:24:17.699][info] [#0:script/workspace/loading.lua:97]: Skip loaded file: file:///home/mak/.local/share/nvim/lazy/lazy.nvim/lua/lazy/docs.lua
[15:24:17.699][info] [#0:script/workspace/loading.lua:100]: Preload file at: file:///home/mak/.local/share/nvim/lazy/lazy.nvim/lua/lazy/example.lua , size = 2.644 KB
[15:24:17.700][info] [#0:script/workspace/loading.lua:112]: ++++As library of:	file:///home/mak/.local/share/nvim/lazy/lazy.nvim/lua/lazy
[15:24:17.700][info] [#0:script/workspace/loading.lua:97]: Skip loaded file: file:///home/mak/.local/share/nvim/lazy/lazy.nvim/lua/lazy/example.lua
[15:24:17.700][info] [#0:script/workspace/loading.lua:100]: Preload file at: file:///home/mak/.local/share/nvim/lazy/lazy.nvim/lua/lazy/health.lua , size = 5.792 KB
[15:24:17.703][info] [#0:script/workspace/loading.lua:112]: ++++As library of:	file:///home/mak/.local/share/nvim/lazy/lazy.nvim/lua/lazy
[15:24:17.703][info] [#0:script/workspace/loading.lua:97]: Skip loaded file: file:///home/mak/.local/share/nvim/lazy/lazy.nvim/lua/lazy/health.lua
[15:24:17.703][info] [#0:script/workspace/loading.lua:100]: Preload file at: file:///home/mak/.local/share/nvim/lazy/lazy.nvim/lua/lazy/help.lua , size = 2.216 KB
[15:24:17.705][info] [#0:script/workspace/loading.lua:112]: ++++As library of:	file:///home/mak/.local/share/nvim/lazy/lazy.nvim/lua/lazy
[15:24:17.705][info] [#0:script/workspace/loading.lua:97]: Skip loaded file: file:///home/mak/.local/share/nvim/lazy/lazy.nvim/lua/lazy/help.lua
[15:24:17.705][info] [#0:script/workspace/loading.lua:100]: Preload file at: file:///home/mak/.local/share/nvim/lazy/lazy.nvim/lua/lazy/init.lua , size = 3.749 KB
[15:24:17.708][info] [#0:script/workspace/loading.lua:112]: ++++As library of:	file:///home/mak/.local/share/nvim/lazy/lazy.nvim/lua/lazy
[15:24:17.708][info] [#0:script/workspace/loading.lua:97]: Skip loaded file: file:///home/mak/.local/share/nvim/lazy/lazy.nvim/lua/lazy/init.lua
[15:24:17.708][info] [#0:script/workspace/loading.lua:100]: Preload file at: file:///home/mak/.local/share/nvim/lazy/lazy.nvim/lua/lazy/manage/checker.lua , size = 2.479 KB
[15:24:17.710][info] [#0:script/workspace/loading.lua:112]: ++++As library of:	file:///home/mak/.local/share/nvim/lazy/lazy.nvim/lua/lazy
[15:24:17.710][info] [#0:script/workspace/loading.lua:97]: Skip loaded file: file:///home/mak/.local/share/nvim/lazy/lazy.nvim/lua/lazy/manage/checker.lua
[15:24:17.710][info] [#0:script/workspace/loading.lua:100]: Preload file at: file:///home/mak/.local/share/nvim/lazy/lazy.nvim/lua/lazy/manage/git.lua , size = 6.279 KB
[15:24:17.714][info] [#0:script/workspace/loading.lua:112]: ++++As library of:	file:///home/mak/.local/share/nvim/lazy/lazy.nvim/lua/lazy
[15:24:17.714][info] [#0:script/workspace/loading.lua:97]: Skip loaded file: file:///home/mak/.local/share/nvim/lazy/lazy.nvim/lua/lazy/manage/git.lua
[15:24:17.714][info] [#0:script/workspace/loading.lua:100]: Preload file at: file:///home/mak/.local/share/nvim/lazy/lazy.nvim/lua/lazy/manage/init.lua , size = 5.940 KB
[15:24:17.717][info] [#0:script/workspace/loading.lua:112]: ++++As library of:	file:///home/mak/.local/share/nvim/lazy/lazy.nvim/lua/lazy
[15:24:17.717][info] [#0:script/workspace/loading.lua:97]: Skip loaded file: file:///home/mak/.local/share/nvim/lazy/lazy.nvim/lua/lazy/manage/init.lua
[15:24:17.717][info] [#0:script/workspace/loading.lua:100]: Preload file at: file:///home/mak/.local/share/nvim/lazy/lazy.nvim/lua/lazy/manage/lock.lua , size = 1.668 KB
[15:24:17.719][info] [#0:script/workspace/loading.lua:112]: ++++As library of:	file:///home/mak/.local/share/nvim/lazy/lazy.nvim/lua/lazy
[15:24:17.719][info] [#0:script/workspace/loading.lua:97]: Skip loaded file: file:///home/mak/.local/share/nvim/lazy/lazy.nvim/lua/lazy/manage/lock.lua
[15:24:17.719][info] [#0:script/workspace/loading.lua:100]: Preload file at: file:///home/mak/.local/share/nvim/lazy/lazy.nvim/lua/lazy/manage/process.lua , size = 5.447 KB
[15:24:17.723][info] [#0:script/workspace/loading.lua:112]: ++++As library of:	file:///home/mak/.local/share/nvim/lazy/lazy.nvim/lua/lazy
[15:24:17.723][info] [#0:script/workspace/loading.lua:97]: Skip loaded file: file:///home/mak/.local/share/nvim/lazy/lazy.nvim/lua/lazy/manage/process.lua
[15:24:17.723][info] [#0:script/workspace/loading.lua:100]: Preload file at: file:///home/mak/.local/share/nvim/lazy/lazy.nvim/lua/lazy/manage/reloader.lua , size = 2.817 KB
[15:24:17.725][info] [#0:script/workspace/loading.lua:112]: ++++As library of:	file:///home/mak/.local/share/nvim/lazy/lazy.nvim/lua/lazy
[15:24:17.725][info] [#0:script/workspace/loading.lua:97]: Skip loaded file: file:///home/mak/.local/share/nvim/lazy/lazy.nvim/lua/lazy/manage/reloader.lua
[15:24:17.725][info] [#0:script/workspace/loading.lua:100]: Preload file at: file:///home/mak/.local/share/nvim/lazy/lazy.nvim/lua/lazy/manage/runner.lua , size = 4.847 KB
[15:24:17.728][info] [#0:script/workspace/loading.lua:112]: ++++As library of:	file:///home/mak/.local/share/nvim/lazy/lazy.nvim/lua/lazy
[15:24:17.728][info] [#0:script/workspace/loading.lua:97]: Skip loaded file: file:///home/mak/.local/share/nvim/lazy/lazy.nvim/lua/lazy/manage/runner.lua
[15:24:17.728][info] [#0:script/workspace/loading.lua:100]: Preload file at: file:///home/mak/.local/share/nvim/lazy/lazy.nvim/lua/lazy/manage/semver.lua , size = 4.455 KB
[15:24:17.731][info] [#0:script/workspace/loading.lua:112]: ++++As library of:	file:///home/mak/.local/share/nvim/lazy/lazy.nvim/lua/lazy
[15:24:17.731][info] [#0:script/workspace/loading.lua:97]: Skip loaded file: file:///home/mak/.local/share/nvim/lazy/lazy.nvim/lua/lazy/manage/semver.lua
[15:24:17.731][info] [#0:script/workspace/loading.lua:100]: Preload file at: file:///home/mak/.local/share/nvim/lazy/lazy.nvim/lua/lazy/manage/task/fs.lua , size = 1.002 KB
[15:24:17.732][info] [#0:script/workspace/loading.lua:112]: ++++As library of:	file:///home/mak/.local/share/nvim/lazy/lazy.nvim/lua/lazy
[15:24:17.732][info] [#0:script/workspace/loading.lua:97]: Skip loaded file: file:///home/mak/.local/share/nvim/lazy/lazy.nvim/lua/lazy/manage/task/fs.lua
[15:24:17.732][info] [#0:script/workspace/loading.lua:100]: Preload file at: file:///home/mak/.local/share/nvim/lazy/lazy.nvim/lua/lazy/manage/task/git.lua , size = 10.135 KB
[15:24:17.738][info] [#0:script/workspace/loading.lua:112]: ++++As library of:	file:///home/mak/.local/share/nvim/lazy/lazy.nvim/lua/lazy
[15:24:17.738][info] [#0:script/workspace/loading.lua:97]: Skip loaded file: file:///home/mak/.local/share/nvim/lazy/lazy.nvim/lua/lazy/manage/task/git.lua
[15:24:17.738][info] [#0:script/workspace/loading.lua:100]: Preload file at: file:///home/mak/.local/share/nvim/lazy/lazy.nvim/lua/lazy/manage/task/init.lua , size = 5.805 KB
[15:24:17.742][info] [#0:script/workspace/loading.lua:112]: ++++As library of:	file:///home/mak/.local/share/nvim/lazy/lazy.nvim/lua/lazy
[15:24:17.742][info] [#0:script/workspace/loading.lua:97]: Skip loaded file: file:///home/mak/.local/share/nvim/lazy/lazy.nvim/lua/lazy/manage/task/init.lua
[15:24:17.742][info] [#0:script/workspace/loading.lua:100]: Preload file at: file:///home/mak/.local/share/nvim/lazy/lazy.nvim/lua/lazy/manage/task/plugin.lua , size = 2.765 KB
[15:24:17.744][info] [#0:script/workspace/loading.lua:112]: ++++As library of:	file:///home/mak/.local/share/nvim/lazy/lazy.nvim/lua/lazy
[15:24:17.744][info] [#0:script/workspace/loading.lua:97]: Skip loaded file: file:///home/mak/.local/share/nvim/lazy/lazy.nvim/lua/lazy/manage/task/plugin.lua
[15:24:17.744][info] [#0:script/workspace/loading.lua:100]: Preload file at: file:///home/mak/.local/share/nvim/lazy/lazy.nvim/lua/lazy/minit.lua , size = 4.986 KB
[15:24:17.747][info] [#0:script/workspace/loading.lua:112]: ++++As library of:	file:///home/mak/.local/share/nvim/lazy/lazy.nvim/lua/lazy
[15:24:17.747][info] [#0:script/workspace/loading.lua:97]: Skip loaded file: file:///home/mak/.local/share/nvim/lazy/lazy.nvim/lua/lazy/minit.lua
[15:24:17.747][info] [#0:script/workspace/loading.lua:100]: Preload file at: file:///home/mak/.local/share/nvim/lazy/lazy.nvim/lua/lazy/pkg/init.lua , size = 3.028 KB
[15:24:17.749][info] [#0:script/workspace/loading.lua:112]: ++++As library of:	file:///home/mak/.local/share/nvim/lazy/lazy.nvim/lua/lazy
[15:24:17.749][info] [#0:script/workspace/loading.lua:97]: Skip loaded file: file:///home/mak/.local/share/nvim/lazy/lazy.nvim/lua/lazy/pkg/init.lua
[15:24:17.749][info] [#0:script/workspace/loading.lua:100]: Preload file at: file:///home/mak/.local/share/nvim/lazy/lazy.nvim/lua/lazy/pkg/lazy.lua , size = 0.720 KB
[15:24:17.750][info] [#0:script/workspace/loading.lua:112]: ++++As library of:	file:///home/mak/.local/share/nvim/lazy/lazy.nvim/lua/lazy
[15:24:17.750][info] [#0:script/workspace/loading.lua:97]: Skip loaded file: file:///home/mak/.local/share/nvim/lazy/lazy.nvim/lua/lazy/pkg/lazy.lua
[15:24:17.750][info] [#0:script/workspace/loading.lua:100]: Preload file at: file:///home/mak/.local/share/nvim/lazy/lazy.nvim/lua/lazy/pkg/packspec.lua , size = 1.137 KB
[15:24:17.751][info] [#0:script/workspace/loading.lua:112]: ++++As library of:	file:///home/mak/.local/share/nvim/lazy/lazy.nvim/lua/lazy
[15:24:17.751][info] [#0:script/workspace/loading.lua:97]: Skip loaded file: file:///home/mak/.local/share/nvim/lazy/lazy.nvim/lua/lazy/pkg/packspec.lua
[15:24:17.751][info] [#0:script/workspace/loading.lua:100]: Preload file at: file:///home/mak/.local/share/nvim/lazy/lazy.nvim/lua/lazy/pkg/rockspec.lua , size = 8.005 KB
[15:24:17.755][info] [#0:script/workspace/loading.lua:112]: ++++As library of:	file:///home/mak/.local/share/nvim/lazy/lazy.nvim/lua/lazy
[15:24:17.755][info] [#0:script/workspace/loading.lua:97]: Skip loaded file: file:///home/mak/.local/share/nvim/lazy/lazy.nvim/lua/lazy/pkg/rockspec.lua
[15:24:17.755][info] [#0:script/workspace/loading.lua:100]: Preload file at: file:///home/mak/.local/share/nvim/lazy/lazy.nvim/lua/lazy/state.lua , size = 0.859 KB
[15:24:17.756][info] [#0:script/workspace/loading.lua:112]: ++++As library of:	file:///home/mak/.local/share/nvim/lazy/lazy.nvim/lua/lazy
[15:24:17.756][info] [#0:script/workspace/loading.lua:97]: Skip loaded file: file:///home/mak/.local/share/nvim/lazy/lazy.nvim/lua/lazy/state.lua
[15:24:17.756][info] [#0:script/workspace/loading.lua:100]: Preload file at: file:///home/mak/.local/share/nvim/lazy/lazy.nvim/lua/lazy/stats.lua , size = 2.153 KB
[15:24:17.757][info] [#0:script/workspace/loading.lua:112]: ++++As library of:	file:///home/mak/.local/share/nvim/lazy/lazy.nvim/lua/lazy
[15:24:17.757][info] [#0:script/workspace/loading.lua:97]: Skip loaded file: file:///home/mak/.local/share/nvim/lazy/lazy.nvim/lua/lazy/stats.lua
[15:24:17.757][info] [#0:script/workspace/loading.lua:100]: Preload file at: file:///home/mak/.local/share/nvim/lazy/lazy.nvim/lua/lazy/status.lua , size = 0.353 KB
[15:24:17.757][info] [#0:script/workspace/loading.lua:112]: ++++As library of:	file:///home/mak/.local/share/nvim/lazy/lazy.nvim/lua/lazy
[15:24:17.757][info] [#0:script/workspace/loading.lua:97]: Skip loaded file: file:///home/mak/.local/share/nvim/lazy/lazy.nvim/lua/lazy/status.lua
[15:24:17.757][info] [#0:script/workspace/loading.lua:100]: Preload file at: file:///home/mak/.local/share/nvim/lazy/lazy.nvim/lua/lazy/terminal.lua , size = 2.394 KB
[15:24:17.759][info] [#0:script/workspace/loading.lua:112]: ++++As library of:	file:///home/mak/.local/share/nvim/lazy/lazy.nvim/lua/lazy
[15:24:17.759][info] [#0:script/workspace/loading.lua:97]: Skip loaded file: file:///home/mak/.local/share/nvim/lazy/lazy.nvim/lua/lazy/terminal.lua
[15:24:17.759][info] [#0:script/workspace/loading.lua:100]: Preload file at: file:///home/mak/.local/share/nvim/lazy/lazy.nvim/lua/lazy/types.lua , size = 3.755 KB
[15:24:17.761][info] [#0:script/workspace/loading.lua:112]: ++++As library of:	file:///home/mak/.local/share/nvim/lazy/lazy.nvim/lua/lazy
[15:24:17.761][info] [#0:script/workspace/loading.lua:97]: Skip loaded file: file:///home/mak/.local/share/nvim/lazy/lazy.nvim/lua/lazy/types.lua
[15:24:17.761][info] [#0:script/workspace/loading.lua:100]: Preload file at: file:///home/mak/.local/share/nvim/lazy/lazy.nvim/lua/lazy/util.lua , size = 6.888 KB
[15:24:17.766][info] [#0:script/workspace/loading.lua:112]: ++++As library of:	file:///home/mak/.local/share/nvim/lazy/lazy.nvim/lua/lazy
[15:24:17.766][info] [#0:script/workspace/loading.lua:97]: Skip loaded file: file:///home/mak/.local/share/nvim/lazy/lazy.nvim/lua/lazy/util.lua
[15:24:17.766][info] [#0:script/workspace/loading.lua:100]: Preload file at: file:///home/mak/.local/share/nvim/lazy/lazy.nvim/lua/lazy/view/colors.lua , size = 1.820 KB
[15:24:17.767][info] [#0:script/workspace/loading.lua:112]: ++++As library of:	file:///home/mak/.local/share/nvim/lazy/lazy.nvim/lua/lazy
[15:24:17.767][info] [#0:script/workspace/loading.lua:97]: Skip loaded file: file:///home/mak/.local/share/nvim/lazy/lazy.nvim/lua/lazy/view/colors.lua
[15:24:17.767][info] [#0:script/workspace/loading.lua:100]: Preload file at: file:///home/mak/.local/share/nvim/lazy/lazy.nvim/lua/lazy/view/commands.lua , size = 3.899 KB
[15:24:17.769][info] [#0:script/workspace/loading.lua:112]: ++++As library of:	file:///home/mak/.local/share/nvim/lazy/lazy.nvim/lua/lazy
[15:24:17.769][info] [#0:script/workspace/loading.lua:97]: Skip loaded file: file:///home/mak/.local/share/nvim/lazy/lazy.nvim/lua/lazy/view/commands.lua
[15:24:17.769][info] [#0:script/workspace/loading.lua:100]: Preload file at: file:///home/mak/.local/share/nvim/lazy/lazy.nvim/lua/lazy/view/config.lua , size = 3.507 KB
[15:24:17.771][info] [#0:script/workspace/loading.lua:112]: ++++As library of:	file:///home/mak/.local/share/nvim/lazy/lazy.nvim/lua/lazy
[15:24:17.771][info] [#0:script/workspace/loading.lua:97]: Skip loaded file: file:///home/mak/.local/share/nvim/lazy/lazy.nvim/lua/lazy/view/config.lua
[15:24:17.771][info] [#0:script/workspace/loading.lua:100]: Preload file at: file:///home/mak/.local/share/nvim/lazy/lazy.nvim/lua/lazy/view/diff.lua , size = 1.585 KB
[15:24:17.772][info] [#0:script/workspace/loading.lua:112]: ++++As library of:	file:///home/mak/.local/share/nvim/lazy/lazy.nvim/lua/lazy
[15:24:17.772][info] [#0:script/workspace/loading.lua:97]: Skip loaded file: file:///home/mak/.local/share/nvim/lazy/lazy.nvim/lua/lazy/view/diff.lua
[15:24:17.772][info] [#0:script/workspace/loading.lua:100]: Preload file at: file:///home/mak/.local/share/nvim/lazy/lazy.nvim/lua/lazy/view/float.lua , size = 9.536 KB
[15:24:17.779][info] [#0:script/workspace/loading.lua:112]: ++++As library of:	file:///home/mak/.local/share/nvim/lazy/lazy.nvim/lua/lazy
[15:24:17.779][info] [#0:script/workspace/loading.lua:97]: Skip loaded file: file:///home/mak/.local/share/nvim/lazy/lazy.nvim/lua/lazy/view/float.lua
[15:24:17.779][info] [#0:script/workspace/loading.lua:100]: Preload file at: file:///home/mak/.local/share/nvim/lazy/lazy.nvim/lua/lazy/view/init.lua , size = 9.394 KB
[15:24:17.784][info] [#0:script/workspace/loading.lua:112]: ++++As library of:	file:///home/mak/.local/share/nvim/lazy/lazy.nvim/lua/lazy
[15:24:17.784][info] [#0:script/workspace/loading.lua:97]: Skip loaded file: file:///home/mak/.local/share/nvim/lazy/lazy.nvim/lua/lazy/view/init.lua
[15:24:17.784][info] [#0:script/workspace/loading.lua:100]: Preload file at: file:///home/mak/.local/share/nvim/lazy/lazy.nvim/lua/lazy/view/render.lua , size = 23.064 KB
[15:24:17.798][info] [#0:script/workspace/loading.lua:112]: ++++As library of:	file:///home/mak/.local/share/nvim/lazy/lazy.nvim/lua/lazy
[15:24:17.799][info] [#0:script/workspace/loading.lua:97]: Skip loaded file: file:///home/mak/.local/share/nvim/lazy/lazy.nvim/lua/lazy/view/render.lua
[15:24:17.799][info] [#0:script/workspace/loading.lua:100]: Preload file at: file:///home/mak/.local/share/nvim/lazy/lazy.nvim/lua/lazy/view/sections.lua , size = 2.430 KB
[15:24:17.800][info] [#0:script/workspace/loading.lua:112]: ++++As library of:	file:///home/mak/.local/share/nvim/lazy/lazy.nvim/lua/lazy
[15:24:17.800][info] [#0:script/workspace/loading.lua:97]: Skip loaded file: file:///home/mak/.local/share/nvim/lazy/lazy.nvim/lua/lazy/view/sections.lua
[15:24:17.800][info] [#0:script/workspace/loading.lua:100]: Preload file at: file:///home/mak/.local/share/nvim/lazy/lazy.nvim/lua/lazy/view/text.lua , size = 3.813 KB
[15:24:17.803][info] [#0:script/workspace/loading.lua:112]: ++++As library of:	file:///home/mak/.local/share/nvim/lazy/lazy.nvim/lua/lazy
[15:24:17.803][info] [#0:script/workspace/loading.lua:97]: Skip loaded file: file:///home/mak/.local/share/nvim/lazy/lazy.nvim/lua/lazy/view/text.lua
[15:24:17.803][info] [#0:script/workspace/loading.lua:100]: Preload file at: file:///home/mak/.local/share/nvim/mason/packages/lua-language-server/libexec/meta/Lua%205.4%20en-us%20utf8/basic.lua , size = 15.841 KB
[15:24:17.809][info] [#0:script/workspace/loading.lua:112]: ++++As library of:	file:///home/mak/.local/share/nvim/mason/packages/lua-language-server/libexec/meta/Lua%205.4%20en-us%20utf8/basic.lua
[15:24:17.809][info] [#0:script/workspace/loading.lua:97]: Skip loaded file: file:///home/mak/.local/share/nvim/mason/packages/lua-language-server/libexec/meta/Lua%205.4%20en-us%20utf8/basic.lua
[15:24:17.809][info] [#0:script/workspace/loading.lua:100]: Preload file at: file:///home/mak/.local/share/nvim/mason/packages/lua-language-server/libexec/meta/Lua%205.4%20en-us%20utf8/debug.lua , size = 7.637 KB
[15:24:17.813][info] [#0:script/workspace/loading.lua:112]: ++++As library of:	file:///home/mak/.local/share/nvim/mason/packages/lua-language-server/libexec/meta/Lua%205.4%20en-us%20utf8/debug.lua
[15:24:17.813][info] [#0:script/workspace/loading.lua:97]: Skip loaded file: file:///home/mak/.local/share/nvim/mason/packages/lua-language-server/libexec/meta/Lua%205.4%20en-us%20utf8/debug.lua
[15:24:17.813][info] [#0:script/workspace/loading.lua:100]: Preload file at: file:///home/mak/.local/share/nvim/mason/packages/lua-language-server/libexec/meta/Lua%205.4%20en-us%20utf8/math.lua , size = 8.542 KB
[15:24:17.816][info] [#0:script/workspace/loading.lua:112]: ++++As library of:	file:///home/mak/.local/share/nvim/mason/packages/lua-language-server/libexec/meta/Lua%205.4%20en-us%20utf8/math.lua
[15:24:17.816][info] [#0:script/workspace/loading.lua:97]: Skip loaded file: file:///home/mak/.local/share/nvim/mason/packages/lua-language-server/libexec/meta/Lua%205.4%20en-us%20utf8/math.lua
[15:24:17.816][info] [#0:script/workspace/loading.lua:100]: Preload file at: file:///home/mak/.local/share/nvim/mason/packages/lua-language-server/libexec/meta/Lua%205.4%20en-us%20utf8/os.lua , size = 5.611 KB
[15:24:17.819][info] [#0:script/workspace/loading.lua:112]: ++++As library of:	file:///home/mak/.local/share/nvim/mason/packages/lua-language-server/libexec/meta/Lua%205.4%20en-us%20utf8/os.lua
[15:24:17.819][info] [#0:script/workspace/loading.lua:97]: Skip loaded file: file:///home/mak/.local/share/nvim/mason/packages/lua-language-server/libexec/meta/Lua%205.4%20en-us%20utf8/os.lua
[15:24:17.819][info] [#0:script/workspace/loading.lua:100]: Preload file at: file:///home/mak/.local/share/nvim/mason/packages/lua-language-server/libexec/meta/Lua%205.4%20en-us%20utf8/coroutine.lua , size = 2.590 KB
[15:24:17.821][info] [#0:script/workspace/loading.lua:112]: ++++As library of:	file:///home/mak/.local/share/nvim/mason/packages/lua-language-server/libexec/meta/Lua%205.4%20en-us%20utf8/coroutine.lua
[15:24:17.821][info] [#0:script/workspace/loading.lua:97]: Skip loaded file: file:///home/mak/.local/share/nvim/mason/packages/lua-language-server/libexec/meta/Lua%205.4%20en-us%20utf8/coroutine.lua
[15:24:17.821][info] [#0:script/workspace/loading.lua:100]: Preload file at: file:///home/mak/.local/share/nvim/mason/packages/lua-language-server/libexec/meta/Lua%205.4%20en-us%20utf8/utf8.lua , size = 2.386 KB
[15:24:17.822][info] [#0:script/workspace/loading.lua:112]: ++++As library of:	file:///home/mak/.local/share/nvim/mason/packages/lua-language-server/libexec/meta/Lua%205.4%20en-us%20utf8/utf8.lua
[15:24:17.822][info] [#0:script/workspace/loading.lua:97]: Skip loaded file: file:///home/mak/.local/share/nvim/mason/packages/lua-language-server/libexec/meta/Lua%205.4%20en-us%20utf8/utf8.lua
[15:24:17.822][info] [#0:script/workspace/loading.lua:100]: Preload file at: file:///home/mak/.local/share/nvim/mason/packages/lua-language-server/libexec/meta/Lua%205.4%20en-us%20utf8/package.lua , size = 2.944 KB
[15:24:17.823][info] [#0:script/workspace/loading.lua:112]: ++++As library of:	file:///home/mak/.local/share/nvim/mason/packages/lua-language-server/libexec/meta/Lua%205.4%20en-us%20utf8/package.lua
[15:24:17.823][info] [#0:script/workspace/loading.lua:97]: Skip loaded file: file:///home/mak/.local/share/nvim/mason/packages/lua-language-server/libexec/meta/Lua%205.4%20en-us%20utf8/package.lua
[15:24:17.823][info] [#0:script/workspace/loading.lua:100]: Preload file at: file:///home/mak/.local/share/nvim/mason/packages/lua-language-server/libexec/meta/Lua%205.4%20en-us%20utf8/builtin.lua , size = 0.302 KB
[15:24:17.824][info] [#0:script/workspace/loading.lua:112]: ++++As library of:	file:///home/mak/.local/share/nvim/mason/packages/lua-language-server/libexec/meta/Lua%205.4%20en-us%20utf8/builtin.lua
[15:24:17.824][info] [#0:script/workspace/loading.lua:97]: Skip loaded file: file:///home/mak/.local/share/nvim/mason/packages/lua-language-server/libexec/meta/Lua%205.4%20en-us%20utf8/builtin.lua
[15:24:17.824][info] [#0:script/workspace/loading.lua:100]: Preload file at: file:///home/mak/.local/share/nvim/mason/packages/lua-language-server/libexec/meta/Lua%205.4%20en-us%20utf8/io.lua , size = 6.364 KB
[15:24:17.827][info] [#0:script/workspace/loading.lua:112]: ++++As library of:	file:///home/mak/.local/share/nvim/mason/packages/lua-language-server/libexec/meta/Lua%205.4%20en-us%20utf8/io.lua
[15:24:17.827][info] [#0:script/workspace/loading.lua:97]: Skip loaded file: file:///home/mak/.local/share/nvim/mason/packages/lua-language-server/libexec/meta/Lua%205.4%20en-us%20utf8/io.lua
[15:24:17.827][info] [#0:script/workspace/loading.lua:100]: Preload file at: file:///home/mak/.config/nvim/lua/core/mappings.lua , size = 10.292 KB
[15:24:17.830][info] [#0:script/workspace/loading.lua:100]: Preload file at: file:///home/mak/.config/nvim/lua/core/bootstrap.lua , size = 1.472 KB
[15:24:17.831][info] [#0:script/workspace/loading.lua:100]: Preload file at: file:///home/mak/.config/nvim/lua/core/utils.lua , size = 3.455 KB
[15:24:17.833][info] [#0:script/workspace/loading.lua:100]: Preload file at: file:///home/mak/.config/nvim/lua/core/default_config.lua , size = 2.784 KB
[15:24:17.834][info] [#0:script/workspace/loading.lua:100]: Preload file at: file:///home/mak/.config/nvim/lua/plugins/configs/lazy_nvim.lua , size = 0.822 KB
[15:24:17.834][info] [#0:script/workspace/loading.lua:100]: Preload file at: file:///home/mak/.config/nvim/lua/plugins/configs/cmp.lua , size = 3.064 KB
[15:24:17.836][info] [#0:script/workspace/loading.lua:100]: Preload file at: file:///home/mak/.config/nvim/lua/plugins/configs/lspconfig.lua , size = 1.691 KB
[15:24:17.836][info] [#0:script/workspace/loading.lua:100]: Preload file at: file:///home/mak/.config/nvim/lua/plugins/configs/mason.lua , size = 0.581 KB
[15:24:17.837][info] [#0:script/workspace/loading.lua:100]: Preload file at: file:///home/mak/.config/nvim/lua/plugins/configs/nvimtree.lua , size = 1.479 KB
[15:24:17.837][info] [#0:script/workspace/loading.lua:100]: Preload file at: file:///home/mak/.config/nvim/lua/plugins/configs/others.lua , size = 1.620 KB
[15:24:17.838][info] [#0:script/workspace/loading.lua:100]: Preload file at: file:///home/mak/.config/nvim/lua/plugins/configs/telescope.lua , size = 1.598 KB
[15:24:17.839][info] [#0:script/workspace/loading.lua:100]: Preload file at: file:///home/mak/.config/nvim/lua/plugins/configs/treesitter.lua , size = 0.182 KB
[15:24:17.839][info] [#0:script/workspace/loading.lua:100]: Preload file at: file:///home/mak/.config/nvim/lua/plugins/init.lua , size = 6.448 KB
[15:24:17.841][info] [#0:script/workspace/loading.lua:100]: Preload file at: file:///home/mak/.config/nvim/init.lua , size = 0.500 KB
[15:24:17.842][warn] [#0:script/pub/report.lua:24]: Load proto error:	Disconnected!
